<?xml version="1.0" encoding="UTF-8"?>
<testsuite name="org.apache.jmeter.report.core.ConvertersSpec" tests="14" skipped="0" failures="0" errors="0" timestamp="2021-02-28T11:36:02" hostname="FI-SWF-MAC-0005" time="0.04">
  <properties/>
  <testcase name="Convert number-like ( 42) to instance of (class java.lang.Integer)" classname="org.apache.jmeter.report.core.ConvertersSpec" time="0.017"/>
  <testcase name="Convert number-like (-5) to instance of (int)" classname="org.apache.jmeter.report.core.ConvertersSpec" time="0.0"/>
  <testcase name="Convert number-like (5000000) to instance of (class java.lang.Long)" classname="org.apache.jmeter.report.core.ConvertersSpec" time="0.001"/>
  <testcase name="Convert number-like (500 ) to instance of (long)" classname="org.apache.jmeter.report.core.ConvertersSpec" time="0.0"/>
  <testcase name="Convert number-like (3.14) to instance of (class java.lang.Double)" classname="org.apache.jmeter.report.core.ConvertersSpec" time="0.001"/>
  <testcase name="Convert number-like ( 100 ) to instance of (double)" classname="org.apache.jmeter.report.core.ConvertersSpec" time="0.0"/>
  <testcase name="Convert number-like (+5) to instance of (class java.lang.Float)" classname="org.apache.jmeter.report.core.ConvertersSpec" time="0.005"/>
  <testcase name="Convert number-like ( 1.2E16 ) to instance of (float)" classname="org.apache.jmeter.report.core.ConvertersSpec" time="0.001"/>
  <testcase name="Convert (FALSE) to instance of (class java.lang.Boolean)" classname="org.apache.jmeter.report.core.ConvertersSpec" time="0.001"/>
  <testcase name="Convert (true) to instance of (boolean)" classname="org.apache.jmeter.report.core.ConvertersSpec" time="0.0"/>
  <testcase name="Convert ( true) to instance of (boolean)" classname="org.apache.jmeter.report.core.ConvertersSpec" time="0.0"/>
  <testcase name="Convert (fAlSe ) to instance of (boolean)" classname="org.apache.jmeter.report.core.ConvertersSpec" time="0.0"/>
  <testcase name="Convert (a) to instance of (class java.lang.Character)" classname="org.apache.jmeter.report.core.ConvertersSpec" time="0.002"/>
  <testcase name="Convert (ä) to instance of (char)" classname="org.apache.jmeter.report.core.ConvertersSpec" time="0.0"/>
  <system-out><![CDATA[]]></system-out>
  <system-err><![CDATA[]]></system-err>
</testsuite>
