<?xml version="1.0" encoding="UTF-8"?>
<testsuite name="org.apache.jmeter.junit.JMeterTest" tests="752" skipped="0" failures="0" errors="0" timestamp="2021-02-28T11:39:24" hostname="FI-SWF-MAC-0005" time="1.47">
  <properties/>
  <testcase name="readAliases" classname="org.apache.jmeter.junit.JMeterTest" time="0.001"/>
  <testcase name="createTitleSet" classname="org.apache.jmeter.junit.JMeterTest" time="0.079"/>
  <testcase name="createTagSet" classname="org.apache.jmeter.junit.JMeterTest" time="0.035"/>
  <testcase name="GUIComponents1 org.apache.jmeter.assertions.gui.AssertionGui" classname="org.apache.jmeter.junit.JMeterTest" time="0.0"/>
  <testcase name="GUIComponents2 org.apache.jmeter.assertions.gui.AssertionGui" classname="org.apache.jmeter.junit.JMeterTest" time="0.003"/>
  <testcase name="runGUITitle org.apache.jmeter.assertions.gui.AssertionGui" classname="org.apache.jmeter.junit.JMeterTest" time="0.001"/>
  <testcase name="GUIComponents1 org.apache.jmeter.assertions.gui.BeanShellAssertionGui" classname="org.apache.jmeter.junit.JMeterTest" time="0.0"/>
  <testcase name="GUIComponents2 org.apache.jmeter.assertions.gui.BeanShellAssertionGui" classname="org.apache.jmeter.junit.JMeterTest" time="0.009"/>
  <testcase name="runGUITitle org.apache.jmeter.assertions.gui.BeanShellAssertionGui" classname="org.apache.jmeter.junit.JMeterTest" time="0.001"/>
  <testcase name="GUIComponents1 org.apache.jmeter.assertions.gui.DurationAssertionGui" classname="org.apache.jmeter.junit.JMeterTest" time="0.0"/>
  <testcase name="GUIComponents2 org.apache.jmeter.assertions.gui.DurationAssertionGui" classname="org.apache.jmeter.junit.JMeterTest" time="0.001"/>
  <testcase name="runGUITitle org.apache.jmeter.assertions.gui.DurationAssertionGui" classname="org.apache.jmeter.junit.JMeterTest" time="0.0"/>
  <testcase name="GUIComponents1 org.apache.jmeter.assertions.gui.HTMLAssertionGui" classname="org.apache.jmeter.junit.JMeterTest" time="0.0"/>
  <testcase name="GUIComponents2 org.apache.jmeter.assertions.gui.HTMLAssertionGui" classname="org.apache.jmeter.junit.JMeterTest" time="0.003"/>
  <testcase name="runGUITitle org.apache.jmeter.assertions.gui.HTMLAssertionGui" classname="org.apache.jmeter.junit.JMeterTest" time="0.0"/>
  <testcase name="GUIComponents1 org.apache.jmeter.assertions.gui.JSONPathAssertionGui" classname="org.apache.jmeter.junit.JMeterTest" time="0.0"/>
  <testcase name="GUIComponents2 org.apache.jmeter.assertions.gui.JSONPathAssertionGui" classname="org.apache.jmeter.junit.JMeterTest" time="0.001"/>
  <testcase name="runGUITitle org.apache.jmeter.assertions.gui.JSONPathAssertionGui" classname="org.apache.jmeter.junit.JMeterTest" time="0.0"/>
  <testcase name="GUIComponents1 org.apache.jmeter.assertions.gui.MD5HexAssertionGUI" classname="org.apache.jmeter.junit.JMeterTest" time="0.0"/>
  <testcase name="GUIComponents2 org.apache.jmeter.assertions.gui.MD5HexAssertionGUI" classname="org.apache.jmeter.junit.JMeterTest" time="0.001"/>
  <testcase name="runGUITitle org.apache.jmeter.assertions.gui.MD5HexAssertionGUI" classname="org.apache.jmeter.junit.JMeterTest" time="0.0"/>
  <testcase name="GUIComponents1 org.apache.jmeter.assertions.gui.SMIMEAssertionGui" classname="org.apache.jmeter.junit.JMeterTest" time="0.0"/>
  <testcase name="GUIComponents2 org.apache.jmeter.assertions.gui.SMIMEAssertionGui" classname="org.apache.jmeter.junit.JMeterTest" time="0.001"/>
  <testcase name="runGUITitle org.apache.jmeter.assertions.gui.SMIMEAssertionGui" classname="org.apache.jmeter.junit.JMeterTest" time="0.0"/>
  <testcase name="GUIComponents1 org.apache.jmeter.assertions.gui.SizeAssertionGui" classname="org.apache.jmeter.junit.JMeterTest" time="0.0"/>
  <testcase name="GUIComponents2 org.apache.jmeter.assertions.gui.SizeAssertionGui" classname="org.apache.jmeter.junit.JMeterTest" time="0.001"/>
  <testcase name="runGUITitle org.apache.jmeter.assertions.gui.SizeAssertionGui" classname="org.apache.jmeter.junit.JMeterTest" time="0.001"/>
  <testcase name="GUIComponents1 org.apache.jmeter.assertions.gui.XMLAssertionGui" classname="org.apache.jmeter.junit.JMeterTest" time="0.0"/>
  <testcase name="GUIComponents2 org.apache.jmeter.assertions.gui.XMLAssertionGui" classname="org.apache.jmeter.junit.JMeterTest" time="0.002"/>
  <testcase name="runGUITitle org.apache.jmeter.assertions.gui.XMLAssertionGui" classname="org.apache.jmeter.junit.JMeterTest" time="0.0"/>
  <testcase name="GUIComponents1 org.apache.jmeter.assertions.gui.XMLSchemaAssertionGUI" classname="org.apache.jmeter.junit.JMeterTest" time="0.0"/>
  <testcase name="GUIComponents2 org.apache.jmeter.assertions.gui.XMLSchemaAssertionGUI" classname="org.apache.jmeter.junit.JMeterTest" time="0.001"/>
  <testcase name="runGUITitle org.apache.jmeter.assertions.gui.XMLSchemaAssertionGUI" classname="org.apache.jmeter.junit.JMeterTest" time="0.0"/>
  <testcase name="GUIComponents1 org.apache.jmeter.assertions.gui.XPath2AssertionGui" classname="org.apache.jmeter.junit.JMeterTest" time="0.0"/>
  <testcase name="GUIComponents2 org.apache.jmeter.assertions.gui.XPath2AssertionGui" classname="org.apache.jmeter.junit.JMeterTest" time="0.002"/>
  <testcase name="runGUITitle org.apache.jmeter.assertions.gui.XPath2AssertionGui" classname="org.apache.jmeter.junit.JMeterTest" time="0.001"/>
  <testcase name="GUIComponents1 org.apache.jmeter.assertions.gui.XPathAssertionGui" classname="org.apache.jmeter.junit.JMeterTest" time="0.0"/>
  <testcase name="GUIComponents2 org.apache.jmeter.assertions.gui.XPathAssertionGui" classname="org.apache.jmeter.junit.JMeterTest" time="0.002"/>
  <testcase name="runGUITitle org.apache.jmeter.assertions.gui.XPathAssertionGui" classname="org.apache.jmeter.junit.JMeterTest" time="0.0"/>
  <testcase name="GUIComponents1 org.apache.jmeter.assertions.jmespath.gui.JMESPathAssertionGui" classname="org.apache.jmeter.junit.JMeterTest" time="0.0"/>
  <testcase name="GUIComponents2 org.apache.jmeter.assertions.jmespath.gui.JMESPathAssertionGui" classname="org.apache.jmeter.junit.JMeterTest" time="0.001"/>
  <testcase name="runGUITitle org.apache.jmeter.assertions.jmespath.gui.JMESPathAssertionGui" classname="org.apache.jmeter.junit.JMeterTest" time="0.001"/>
  <testcase name="GUIComponents1 org.apache.jmeter.config.gui.ArgumentsPanel" classname="org.apache.jmeter.junit.JMeterTest" time="0.0"/>
  <testcase name="GUIComponents2 org.apache.jmeter.config.gui.ArgumentsPanel" classname="org.apache.jmeter.junit.JMeterTest" time="0.005"/>
  <testcase name="runGUITitle org.apache.jmeter.config.gui.ArgumentsPanel" classname="org.apache.jmeter.junit.JMeterTest" time="0.001"/>
  <testcase name="GUIComponents1 org.apache.jmeter.config.gui.LoginConfigGui" classname="org.apache.jmeter.junit.JMeterTest" time="0.0"/>
  <testcase name="GUIComponents2 org.apache.jmeter.config.gui.LoginConfigGui" classname="org.apache.jmeter.junit.JMeterTest" time="0.001"/>
  <testcase name="runGUITitle org.apache.jmeter.config.gui.LoginConfigGui" classname="org.apache.jmeter.junit.JMeterTest" time="0.0"/>
  <testcase name="GUIComponents1 org.apache.jmeter.config.gui.SimpleConfigGui" classname="org.apache.jmeter.junit.JMeterTest" time="0.0"/>
  <testcase name="GUIComponents2 org.apache.jmeter.config.gui.SimpleConfigGui" classname="org.apache.jmeter.junit.JMeterTest" time="0.001"/>
  <testcase name="runGUITitle org.apache.jmeter.config.gui.SimpleConfigGui" classname="org.apache.jmeter.junit.JMeterTest" time="0.001"/>
  <testcase name="GUIComponents1 org.apache.jmeter.control.gui.CriticalSectionControllerGui" classname="org.apache.jmeter.junit.JMeterTest" time="0.0"/>
  <testcase name="GUIComponents2 org.apache.jmeter.control.gui.CriticalSectionControllerGui" classname="org.apache.jmeter.junit.JMeterTest" time="0.001"/>
  <testcase name="runGUITitle org.apache.jmeter.control.gui.CriticalSectionControllerGui" classname="org.apache.jmeter.junit.JMeterTest" time="0.0"/>
  <testcase name="GUIComponents1 org.apache.jmeter.control.gui.ForeachControlPanel" classname="org.apache.jmeter.junit.JMeterTest" time="0.0"/>
  <testcase name="GUIComponents2 org.apache.jmeter.control.gui.ForeachControlPanel" classname="org.apache.jmeter.junit.JMeterTest" time="0.001"/>
  <testcase name="runGUITitle org.apache.jmeter.control.gui.ForeachControlPanel" classname="org.apache.jmeter.junit.JMeterTest" time="0.0"/>
  <testcase name="GUIComponents1 org.apache.jmeter.control.gui.IfControllerPanel" classname="org.apache.jmeter.junit.JMeterTest" time="0.0"/>
  <testcase name="GUIComponents2 org.apache.jmeter.control.gui.IfControllerPanel" classname="org.apache.jmeter.junit.JMeterTest" time="0.0"/>
  <testcase name="runGUITitle org.apache.jmeter.control.gui.IfControllerPanel" classname="org.apache.jmeter.junit.JMeterTest" time="0.0"/>
  <testcase name="GUIComponents1 org.apache.jmeter.control.gui.IncludeControllerGui" classname="org.apache.jmeter.junit.JMeterTest" time="0.0"/>
  <testcase name="GUIComponents2 org.apache.jmeter.control.gui.IncludeControllerGui" classname="org.apache.jmeter.junit.JMeterTest" time="0.002"/>
  <testcase name="runGUITitle org.apache.jmeter.control.gui.IncludeControllerGui" classname="org.apache.jmeter.junit.JMeterTest" time="0.0"/>
  <testcase name="GUIComponents1 org.apache.jmeter.control.gui.InterleaveControlGui" classname="org.apache.jmeter.junit.JMeterTest" time="0.001"/>
  <testcase name="GUIComponents2 org.apache.jmeter.control.gui.InterleaveControlGui" classname="org.apache.jmeter.junit.JMeterTest" time="0.001"/>
  <testcase name="runGUITitle org.apache.jmeter.control.gui.InterleaveControlGui" classname="org.apache.jmeter.junit.JMeterTest" time="0.0"/>
  <testcase name="GUIComponents1 org.apache.jmeter.control.gui.LogicControllerGui" classname="org.apache.jmeter.junit.JMeterTest" time="0.0"/>
  <testcase name="GUIComponents2 org.apache.jmeter.control.gui.LogicControllerGui" classname="org.apache.jmeter.junit.JMeterTest" time="0.001"/>
  <testcase name="runGUITitle org.apache.jmeter.control.gui.LogicControllerGui" classname="org.apache.jmeter.junit.JMeterTest" time="0.001"/>
  <testcase name="GUIComponents1 org.apache.jmeter.control.gui.LoopControlPanel" classname="org.apache.jmeter.junit.JMeterTest" time="0.0"/>
  <testcase name="GUIComponents2 org.apache.jmeter.control.gui.LoopControlPanel" classname="org.apache.jmeter.junit.JMeterTest" time="0.0"/>
  <testcase name="runGUITitle org.apache.jmeter.control.gui.LoopControlPanel" classname="org.apache.jmeter.junit.JMeterTest" time="0.0"/>
  <testcase name="GUIComponents1 org.apache.jmeter.control.gui.ModuleControllerGui" classname="org.apache.jmeter.junit.JMeterTest" time="0.0"/>
  <testcase name="GUIComponents2 org.apache.jmeter.control.gui.ModuleControllerGui" classname="org.apache.jmeter.junit.JMeterTest" time="0.001"/>
  <testcase name="runGUITitle org.apache.jmeter.control.gui.ModuleControllerGui" classname="org.apache.jmeter.junit.JMeterTest" time="0.0"/>
  <testcase name="GUIComponents1 org.apache.jmeter.control.gui.OnceOnlyControllerGui" classname="org.apache.jmeter.junit.JMeterTest" time="0.0"/>
  <testcase name="GUIComponents2 org.apache.jmeter.control.gui.OnceOnlyControllerGui" classname="org.apache.jmeter.junit.JMeterTest" time="0.001"/>
  <testcase name="runGUITitle org.apache.jmeter.control.gui.OnceOnlyControllerGui" classname="org.apache.jmeter.junit.JMeterTest" time="0.001"/>
  <testcase name="GUIComponents1 org.apache.jmeter.control.gui.RandomControlGui" classname="org.apache.jmeter.junit.JMeterTest" time="0.0"/>
  <testcase name="GUIComponents2 org.apache.jmeter.control.gui.RandomControlGui" classname="org.apache.jmeter.junit.JMeterTest" time="0.001"/>
  <testcase name="runGUITitle org.apache.jmeter.control.gui.RandomControlGui" classname="org.apache.jmeter.junit.JMeterTest" time="0.0"/>
  <testcase name="GUIComponents1 org.apache.jmeter.control.gui.RandomOrderControllerGui" classname="org.apache.jmeter.junit.JMeterTest" time="0.0"/>
  <testcase name="GUIComponents2 org.apache.jmeter.control.gui.RandomOrderControllerGui" classname="org.apache.jmeter.junit.JMeterTest" time="0.001"/>
  <testcase name="runGUITitle org.apache.jmeter.control.gui.RandomOrderControllerGui" classname="org.apache.jmeter.junit.JMeterTest" time="0.0"/>
  <testcase name="GUIComponents1 org.apache.jmeter.control.gui.RunTimeGui" classname="org.apache.jmeter.junit.JMeterTest" time="0.001"/>
  <testcase name="GUIComponents2 org.apache.jmeter.control.gui.RunTimeGui" classname="org.apache.jmeter.junit.JMeterTest" time="0.002"/>
  <testcase name="runGUITitle org.apache.jmeter.control.gui.RunTimeGui" classname="org.apache.jmeter.junit.JMeterTest" time="0.0"/>
  <testcase name="GUIComponents1 org.apache.jmeter.control.gui.SwitchControllerGui" classname="org.apache.jmeter.junit.JMeterTest" time="0.0"/>
  <testcase name="GUIComponents2 org.apache.jmeter.control.gui.SwitchControllerGui" classname="org.apache.jmeter.junit.JMeterTest" time="0.001"/>
  <testcase name="runGUITitle org.apache.jmeter.control.gui.SwitchControllerGui" classname="org.apache.jmeter.junit.JMeterTest" time="0.001"/>
  <testcase name="GUIComponents1 org.apache.jmeter.control.gui.TestFragmentControllerGui" classname="org.apache.jmeter.junit.JMeterTest" time="0.0"/>
  <testcase name="GUIComponents2 org.apache.jmeter.control.gui.TestFragmentControllerGui" classname="org.apache.jmeter.junit.JMeterTest" time="0.001"/>
  <testcase name="runGUITitle org.apache.jmeter.control.gui.TestFragmentControllerGui" classname="org.apache.jmeter.junit.JMeterTest" time="0.0"/>
  <testcase name="GUIComponents1 org.apache.jmeter.control.gui.TestPlanGui" classname="org.apache.jmeter.junit.JMeterTest" time="0.0"/>
  <testcase name="GUIComponents2 org.apache.jmeter.control.gui.TestPlanGui" classname="org.apache.jmeter.junit.JMeterTest" time="0.002"/>
  <testcase name="runGUITitle org.apache.jmeter.control.gui.TestPlanGui" classname="org.apache.jmeter.junit.JMeterTest" time="0.0"/>
  <testcase name="GUIComponents1 org.apache.jmeter.control.gui.ThroughputControllerGui" classname="org.apache.jmeter.junit.JMeterTest" time="0.0"/>
  <testcase name="GUIComponents2 org.apache.jmeter.control.gui.ThroughputControllerGui" classname="org.apache.jmeter.junit.JMeterTest" time="0.002"/>
  <testcase name="runGUITitle org.apache.jmeter.control.gui.ThroughputControllerGui" classname="org.apache.jmeter.junit.JMeterTest" time="0.0"/>
  <testcase name="GUIComponents1 org.apache.jmeter.control.gui.TransactionControllerGui" classname="org.apache.jmeter.junit.JMeterTest" time="0.0"/>
  <testcase name="GUIComponents2 org.apache.jmeter.control.gui.TransactionControllerGui" classname="org.apache.jmeter.junit.JMeterTest" time="0.001"/>
  <testcase name="runGUITitle org.apache.jmeter.control.gui.TransactionControllerGui" classname="org.apache.jmeter.junit.JMeterTest" time="0.0"/>
  <testcase name="GUIComponents1 org.apache.jmeter.control.gui.WhileControllerGui" classname="org.apache.jmeter.junit.JMeterTest" time="0.0"/>
  <testcase name="GUIComponents2 org.apache.jmeter.control.gui.WhileControllerGui" classname="org.apache.jmeter.junit.JMeterTest" time="0.001"/>
  <testcase name="runGUITitle org.apache.jmeter.control.gui.WhileControllerGui" classname="org.apache.jmeter.junit.JMeterTest" time="0.0"/>
  <testcase name="GUIComponents1 org.apache.jmeter.control.gui.WorkBenchGui" classname="org.apache.jmeter.junit.JMeterTest" time="0.0"/>
  <testcase name="GUIComponents2 org.apache.jmeter.control.gui.WorkBenchGui" classname="org.apache.jmeter.junit.JMeterTest" time="0.001"/>
  <testcase name="runGUITitle org.apache.jmeter.control.gui.WorkBenchGui" classname="org.apache.jmeter.junit.JMeterTest" time="0.0"/>
  <testcase name="GUIComponents1 org.apache.jmeter.extractor.gui.BoundaryExtractorGui" classname="org.apache.jmeter.junit.JMeterTest" time="0.0"/>
  <testcase name="GUIComponents2 org.apache.jmeter.extractor.gui.BoundaryExtractorGui" classname="org.apache.jmeter.junit.JMeterTest" time="0.002"/>
  <testcase name="runGUITitle org.apache.jmeter.extractor.gui.BoundaryExtractorGui" classname="org.apache.jmeter.junit.JMeterTest" time="0.0"/>
  <testcase name="GUIComponents1 org.apache.jmeter.extractor.gui.HtmlExtractorGui" classname="org.apache.jmeter.junit.JMeterTest" time="0.001"/>
  <testcase name="GUIComponents2 org.apache.jmeter.extractor.gui.HtmlExtractorGui" classname="org.apache.jmeter.junit.JMeterTest" time="0.006"/>
  <testcase name="runGUITitle org.apache.jmeter.extractor.gui.HtmlExtractorGui" classname="org.apache.jmeter.junit.JMeterTest" time="0.0"/>
  <testcase name="GUIComponents1 org.apache.jmeter.extractor.gui.RegexExtractorGui" classname="org.apache.jmeter.junit.JMeterTest" time="0.0"/>
  <testcase name="GUIComponents2 org.apache.jmeter.extractor.gui.RegexExtractorGui" classname="org.apache.jmeter.junit.JMeterTest" time="0.001"/>
  <testcase name="runGUITitle org.apache.jmeter.extractor.gui.RegexExtractorGui" classname="org.apache.jmeter.junit.JMeterTest" time="0.0"/>
  <testcase name="GUIComponents1 org.apache.jmeter.extractor.gui.XPath2ExtractorGui" classname="org.apache.jmeter.junit.JMeterTest" time="0.0"/>
  <testcase name="GUIComponents2 org.apache.jmeter.extractor.gui.XPath2ExtractorGui" classname="org.apache.jmeter.junit.JMeterTest" time="0.003"/>
  <testcase name="runGUITitle org.apache.jmeter.extractor.gui.XPath2ExtractorGui" classname="org.apache.jmeter.junit.JMeterTest" time="0.0"/>
  <testcase name="GUIComponents1 org.apache.jmeter.extractor.gui.XPathExtractorGui" classname="org.apache.jmeter.junit.JMeterTest" time="0.0"/>
  <testcase name="GUIComponents2 org.apache.jmeter.extractor.gui.XPathExtractorGui" classname="org.apache.jmeter.junit.JMeterTest" time="0.002"/>
  <testcase name="runGUITitle org.apache.jmeter.extractor.gui.XPathExtractorGui" classname="org.apache.jmeter.junit.JMeterTest" time="0.0"/>
  <testcase name="GUIComponents1 org.apache.jmeter.extractor.json.jmespath.gui.JMESPathExtractorGui" classname="org.apache.jmeter.junit.JMeterTest" time="0.0"/>
  <testcase name="GUIComponents2 org.apache.jmeter.extractor.json.jmespath.gui.JMESPathExtractorGui" classname="org.apache.jmeter.junit.JMeterTest" time="0.001"/>
  <testcase name="runGUITitle org.apache.jmeter.extractor.json.jmespath.gui.JMESPathExtractorGui" classname="org.apache.jmeter.junit.JMeterTest" time="0.0"/>
  <testcase name="GUIComponents1 org.apache.jmeter.extractor.json.jsonpath.gui.JSONPostProcessorGui" classname="org.apache.jmeter.junit.JMeterTest" time="0.0"/>
  <testcase name="GUIComponents2 org.apache.jmeter.extractor.json.jsonpath.gui.JSONPostProcessorGui" classname="org.apache.jmeter.junit.JMeterTest" time="0.001"/>
  <testcase name="runGUITitle org.apache.jmeter.extractor.json.jsonpath.gui.JSONPostProcessorGui" classname="org.apache.jmeter.junit.JMeterTest" time="0.0"/>
  <testcase name="GUIComponents1 org.apache.jmeter.gui.NamePanel" classname="org.apache.jmeter.junit.JMeterTest" time="0.002"/>
  <testcase name="GUIComponents2 org.apache.jmeter.gui.NamePanel" classname="org.apache.jmeter.junit.JMeterTest" time="0.0"/>
  <testcase name="runGUITitle org.apache.jmeter.gui.NamePanel" classname="org.apache.jmeter.junit.JMeterTest" time="0.001"/>
  <testcase name="GUIComponents1 org.apache.jmeter.modifiers.gui.CounterConfigGui" classname="org.apache.jmeter.junit.JMeterTest" time="0.0"/>
  <testcase name="GUIComponents2 org.apache.jmeter.modifiers.gui.CounterConfigGui" classname="org.apache.jmeter.junit.JMeterTest" time="0.001"/>
  <testcase name="runGUITitle org.apache.jmeter.modifiers.gui.CounterConfigGui" classname="org.apache.jmeter.junit.JMeterTest" time="0.0"/>
  <testcase name="GUIComponents1 org.apache.jmeter.modifiers.gui.SampleTimeoutGui" classname="org.apache.jmeter.junit.JMeterTest" time="0.001"/>
  <testcase name="GUIComponents2 org.apache.jmeter.modifiers.gui.SampleTimeoutGui" classname="org.apache.jmeter.junit.JMeterTest" time="0.0"/>
  <testcase name="runGUITitle org.apache.jmeter.modifiers.gui.SampleTimeoutGui" classname="org.apache.jmeter.junit.JMeterTest" time="0.0"/>
  <testcase name="GUIComponents1 org.apache.jmeter.modifiers.gui.UserParametersGui" classname="org.apache.jmeter.junit.JMeterTest" time="0.0"/>
  <testcase name="GUIComponents2 org.apache.jmeter.modifiers.gui.UserParametersGui" classname="org.apache.jmeter.junit.JMeterTest" time="0.002"/>
  <testcase name="runGUITitle org.apache.jmeter.modifiers.gui.UserParametersGui" classname="org.apache.jmeter.junit.JMeterTest" time="0.0"/>
  <testcase name="GUIComponents1 org.apache.jmeter.protocol.ftp.config.gui.FtpConfigGui" classname="org.apache.jmeter.junit.JMeterTest" time="0.0"/>
  <testcase name="GUIComponents2 org.apache.jmeter.protocol.ftp.config.gui.FtpConfigGui" classname="org.apache.jmeter.junit.JMeterTest" time="0.001"/>
  <testcase name="runGUITitle org.apache.jmeter.protocol.ftp.config.gui.FtpConfigGui" classname="org.apache.jmeter.junit.JMeterTest" time="0.0"/>
  <testcase name="GUIComponents1 org.apache.jmeter.protocol.ftp.control.gui.FtpTestSamplerGui" classname="org.apache.jmeter.junit.JMeterTest" time="0.0"/>
  <testcase name="GUIComponents2 org.apache.jmeter.protocol.ftp.control.gui.FtpTestSamplerGui" classname="org.apache.jmeter.junit.JMeterTest" time="0.001"/>
  <testcase name="runGUITitle org.apache.jmeter.protocol.ftp.control.gui.FtpTestSamplerGui" classname="org.apache.jmeter.junit.JMeterTest" time="0.0"/>
  <testcase name="GUIComponents1 org.apache.jmeter.protocol.http.config.gui.HttpDefaultsGui" classname="org.apache.jmeter.junit.JMeterTest" time="0.0"/>
  <testcase name="GUIComponents2 org.apache.jmeter.protocol.http.config.gui.HttpDefaultsGui" classname="org.apache.jmeter.junit.JMeterTest" time="0.001"/>
  <testcase name="runGUITitle org.apache.jmeter.protocol.http.config.gui.HttpDefaultsGui" classname="org.apache.jmeter.junit.JMeterTest" time="0.0"/>
  <testcase name="GUIComponents1 org.apache.jmeter.protocol.http.control.gui.AjpSamplerGui" classname="org.apache.jmeter.junit.JMeterTest" time="0.0"/>
  <testcase name="GUIComponents2 org.apache.jmeter.protocol.http.control.gui.AjpSamplerGui" classname="org.apache.jmeter.junit.JMeterTest" time="0.006"/>
  <testcase name="runGUITitle org.apache.jmeter.protocol.http.control.gui.AjpSamplerGui" classname="org.apache.jmeter.junit.JMeterTest" time="0.0"/>
  <testcase name="GUIComponents1 org.apache.jmeter.protocol.http.control.gui.GraphQLHTTPSamplerGui" classname="org.apache.jmeter.junit.JMeterTest" time="0.001"/>
  <testcase name="GUIComponents2 org.apache.jmeter.protocol.http.control.gui.GraphQLHTTPSamplerGui" classname="org.apache.jmeter.junit.JMeterTest" time="0.006"/>
  <testcase name="runGUITitle org.apache.jmeter.protocol.http.control.gui.GraphQLHTTPSamplerGui" classname="org.apache.jmeter.junit.JMeterTest" time="0.0"/>
  <testcase name="GUIComponents1 org.apache.jmeter.protocol.http.control.gui.HttpMirrorControlGui" classname="org.apache.jmeter.junit.JMeterTest" time="0.0"/>
  <testcase name="GUIComponents2 org.apache.jmeter.protocol.http.control.gui.HttpMirrorControlGui" classname="org.apache.jmeter.junit.JMeterTest" time="0.001"/>
  <testcase name="runGUITitle org.apache.jmeter.protocol.http.control.gui.HttpMirrorControlGui" classname="org.apache.jmeter.junit.JMeterTest" time="0.0"/>
  <testcase name="GUIComponents1 org.apache.jmeter.protocol.http.control.gui.HttpTestSampleGui" classname="org.apache.jmeter.junit.JMeterTest" time="0.0"/>
  <testcase name="GUIComponents2 org.apache.jmeter.protocol.http.control.gui.HttpTestSampleGui" classname="org.apache.jmeter.junit.JMeterTest" time="0.002"/>
  <testcase name="runGUITitle org.apache.jmeter.protocol.http.control.gui.HttpTestSampleGui" classname="org.apache.jmeter.junit.JMeterTest" time="0.0"/>
  <testcase name="GUIComponents1 org.apache.jmeter.protocol.http.control.gui.RecordController" classname="org.apache.jmeter.junit.JMeterTest" time="0.0"/>
  <testcase name="GUIComponents2 org.apache.jmeter.protocol.http.control.gui.RecordController" classname="org.apache.jmeter.junit.JMeterTest" time="0.001"/>
  <testcase name="runGUITitle org.apache.jmeter.protocol.http.control.gui.RecordController" classname="org.apache.jmeter.junit.JMeterTest" time="0.0"/>
  <testcase name="GUIComponents1 org.apache.jmeter.protocol.http.gui.AuthPanel" classname="org.apache.jmeter.junit.JMeterTest" time="0.001"/>
  <testcase name="GUIComponents2 org.apache.jmeter.protocol.http.gui.AuthPanel" classname="org.apache.jmeter.junit.JMeterTest" time="0.001"/>
  <testcase name="runGUITitle org.apache.jmeter.protocol.http.gui.AuthPanel" classname="org.apache.jmeter.junit.JMeterTest" time="0.0"/>
  <testcase name="GUIComponents1 org.apache.jmeter.protocol.http.gui.CacheManagerGui" classname="org.apache.jmeter.junit.JMeterTest" time="0.0"/>
  <testcase name="GUIComponents2 org.apache.jmeter.protocol.http.gui.CacheManagerGui" classname="org.apache.jmeter.junit.JMeterTest" time="0.001"/>
  <testcase name="runGUITitle org.apache.jmeter.protocol.http.gui.CacheManagerGui" classname="org.apache.jmeter.junit.JMeterTest" time="0.0"/>
  <testcase name="GUIComponents1 org.apache.jmeter.protocol.http.gui.CookiePanel" classname="org.apache.jmeter.junit.JMeterTest" time="0.0"/>
  <testcase name="GUIComponents2 org.apache.jmeter.protocol.http.gui.CookiePanel" classname="org.apache.jmeter.junit.JMeterTest" time="0.001"/>
  <testcase name="runGUITitle org.apache.jmeter.protocol.http.gui.CookiePanel" classname="org.apache.jmeter.junit.JMeterTest" time="0.0"/>
  <testcase name="GUIComponents1 org.apache.jmeter.protocol.http.gui.DNSCachePanel" classname="org.apache.jmeter.junit.JMeterTest" time="0.0"/>
  <testcase name="GUIComponents2 org.apache.jmeter.protocol.http.gui.DNSCachePanel" classname="org.apache.jmeter.junit.JMeterTest" time="0.001"/>
  <testcase name="runGUITitle org.apache.jmeter.protocol.http.gui.DNSCachePanel" classname="org.apache.jmeter.junit.JMeterTest" time="0.0"/>
  <testcase name="GUIComponents1 org.apache.jmeter.protocol.http.gui.HTTPArgumentsPanel" classname="org.apache.jmeter.junit.JMeterTest" time="0.001"/>
  <testcase name="GUIComponents2 org.apache.jmeter.protocol.http.gui.HTTPArgumentsPanel" classname="org.apache.jmeter.junit.JMeterTest" time="0.0"/>
  <testcase name="runGUITitle org.apache.jmeter.protocol.http.gui.HTTPArgumentsPanel" classname="org.apache.jmeter.junit.JMeterTest" time="0.001"/>
  <testcase name="GUIComponents1 org.apache.jmeter.protocol.http.gui.HeaderPanel" classname="org.apache.jmeter.junit.JMeterTest" time="0.0"/>
  <testcase name="GUIComponents2 org.apache.jmeter.protocol.http.gui.HeaderPanel" classname="org.apache.jmeter.junit.JMeterTest" time="0.004"/>
  <testcase name="runGUITitle org.apache.jmeter.protocol.http.gui.HeaderPanel" classname="org.apache.jmeter.junit.JMeterTest" time="0.0"/>
  <testcase name="GUIComponents1 org.apache.jmeter.protocol.http.modifier.gui.AnchorModifierGui" classname="org.apache.jmeter.junit.JMeterTest" time="0.001"/>
  <testcase name="GUIComponents2 org.apache.jmeter.protocol.http.modifier.gui.AnchorModifierGui" classname="org.apache.jmeter.junit.JMeterTest" time="0.0"/>
  <testcase name="runGUITitle org.apache.jmeter.protocol.http.modifier.gui.AnchorModifierGui" classname="org.apache.jmeter.junit.JMeterTest" time="0.042"/>
  <testcase name="GUIComponents1 org.apache.jmeter.protocol.http.modifier.gui.RegExUserParametersGui" classname="org.apache.jmeter.junit.JMeterTest" time="0.0"/>
  <testcase name="GUIComponents2 org.apache.jmeter.protocol.http.modifier.gui.RegExUserParametersGui" classname="org.apache.jmeter.junit.JMeterTest" time="0.001"/>
  <testcase name="runGUITitle org.apache.jmeter.protocol.http.modifier.gui.RegExUserParametersGui" classname="org.apache.jmeter.junit.JMeterTest" time="0.0"/>
  <testcase name="GUIComponents1 org.apache.jmeter.protocol.http.modifier.gui.URLRewritingModifierGui" classname="org.apache.jmeter.junit.JMeterTest" time="0.0"/>
  <testcase name="GUIComponents2 org.apache.jmeter.protocol.http.modifier.gui.URLRewritingModifierGui" classname="org.apache.jmeter.junit.JMeterTest" time="0.001"/>
  <testcase name="runGUITitle org.apache.jmeter.protocol.http.modifier.gui.URLRewritingModifierGui" classname="org.apache.jmeter.junit.JMeterTest" time="0.002"/>
  <testcase name="GUIComponents1 org.apache.jmeter.protocol.http.proxy.gui.ProxyControlGui" classname="org.apache.jmeter.junit.JMeterTest" time="0.001"/>
  <testcase name="GUIComponents2 org.apache.jmeter.protocol.http.proxy.gui.ProxyControlGui" classname="org.apache.jmeter.junit.JMeterTest" time="0.047"/>
  <testcase name="runGUITitle org.apache.jmeter.protocol.http.proxy.gui.ProxyControlGui" classname="org.apache.jmeter.junit.JMeterTest" time="0.0"/>
  <testcase name="GUIComponents1 org.apache.jmeter.protocol.java.config.gui.JavaConfigGui" classname="org.apache.jmeter.junit.JMeterTest" time="0.0"/>
  <testcase name="GUIComponents2 org.apache.jmeter.protocol.java.config.gui.JavaConfigGui" classname="org.apache.jmeter.junit.JMeterTest" time="0.003"/>
  <testcase name="runGUITitle org.apache.jmeter.protocol.java.config.gui.JavaConfigGui" classname="org.apache.jmeter.junit.JMeterTest" time="0.01"/>
  <testcase name="GUIComponents1 org.apache.jmeter.protocol.java.control.gui.BeanShellSamplerGui" classname="org.apache.jmeter.junit.JMeterTest" time="0.0"/>
  <testcase name="GUIComponents2 org.apache.jmeter.protocol.java.control.gui.BeanShellSamplerGui" classname="org.apache.jmeter.junit.JMeterTest" time="0.01"/>
  <testcase name="runGUITitle org.apache.jmeter.protocol.java.control.gui.BeanShellSamplerGui" classname="org.apache.jmeter.junit.JMeterTest" time="0.0"/>
  <testcase name="GUIComponents1 org.apache.jmeter.protocol.java.control.gui.JUnitTestSamplerGui" classname="org.apache.jmeter.junit.JMeterTest" time="0.0"/>
  <testcase name="GUIComponents2 org.apache.jmeter.protocol.java.control.gui.JUnitTestSamplerGui" classname="org.apache.jmeter.junit.JMeterTest" time="0.003"/>
  <testcase name="runGUITitle org.apache.jmeter.protocol.java.control.gui.JUnitTestSamplerGui" classname="org.apache.jmeter.junit.JMeterTest" time="0.0"/>
  <testcase name="GUIComponents1 org.apache.jmeter.protocol.java.control.gui.JavaTestSamplerGui" classname="org.apache.jmeter.junit.JMeterTest" time="0.0"/>
  <testcase name="GUIComponents2 org.apache.jmeter.protocol.java.control.gui.JavaTestSamplerGui" classname="org.apache.jmeter.junit.JMeterTest" time="0.001"/>
  <testcase name="runGUITitle org.apache.jmeter.protocol.java.control.gui.JavaTestSamplerGui" classname="org.apache.jmeter.junit.JMeterTest" time="0.0"/>
  <testcase name="GUIComponents1 org.apache.jmeter.protocol.jms.control.gui.JMSPublisherGui" classname="org.apache.jmeter.junit.JMeterTest" time="0.0"/>
  <testcase name="GUIComponents2 org.apache.jmeter.protocol.jms.control.gui.JMSPublisherGui" classname="org.apache.jmeter.junit.JMeterTest" time="0.004"/>
  <testcase name="runGUITitle org.apache.jmeter.protocol.jms.control.gui.JMSPublisherGui" classname="org.apache.jmeter.junit.JMeterTest" time="0.001"/>
  <testcase name="GUIComponents1 org.apache.jmeter.protocol.jms.control.gui.JMSSamplerGui" classname="org.apache.jmeter.junit.JMeterTest" time="0.0"/>
  <testcase name="GUIComponents2 org.apache.jmeter.protocol.jms.control.gui.JMSSamplerGui" classname="org.apache.jmeter.junit.JMeterTest" time="0.002"/>
  <testcase name="runGUITitle org.apache.jmeter.protocol.jms.control.gui.JMSSamplerGui" classname="org.apache.jmeter.junit.JMeterTest" time="0.0"/>
  <testcase name="GUIComponents1 org.apache.jmeter.protocol.jms.control.gui.JMSSubscriberGui" classname="org.apache.jmeter.junit.JMeterTest" time="0.0"/>
  <testcase name="GUIComponents2 org.apache.jmeter.protocol.jms.control.gui.JMSSubscriberGui" classname="org.apache.jmeter.junit.JMeterTest" time="0.001"/>
  <testcase name="runGUITitle org.apache.jmeter.protocol.jms.control.gui.JMSSubscriberGui" classname="org.apache.jmeter.junit.JMeterTest" time="0.0"/>
  <testcase name="GUIComponents1 org.apache.jmeter.protocol.ldap.config.gui.LDAPArgumentsPanel" classname="org.apache.jmeter.junit.JMeterTest" time="0.0"/>
  <testcase name="GUIComponents2 org.apache.jmeter.protocol.ldap.config.gui.LDAPArgumentsPanel" classname="org.apache.jmeter.junit.JMeterTest" time="0.001"/>
  <testcase name="runGUITitle org.apache.jmeter.protocol.ldap.config.gui.LDAPArgumentsPanel" classname="org.apache.jmeter.junit.JMeterTest" time="0.0"/>
  <testcase name="GUIComponents1 org.apache.jmeter.protocol.ldap.config.gui.LdapConfigGui" classname="org.apache.jmeter.junit.JMeterTest" time="0.0"/>
  <testcase name="GUIComponents2 org.apache.jmeter.protocol.ldap.config.gui.LdapConfigGui" classname="org.apache.jmeter.junit.JMeterTest" time="0.0"/>
  <testcase name="runGUITitle org.apache.jmeter.protocol.ldap.config.gui.LdapConfigGui" classname="org.apache.jmeter.junit.JMeterTest" time="0.0"/>
  <testcase name="GUIComponents1 org.apache.jmeter.protocol.ldap.config.gui.LdapExtConfigGui" classname="org.apache.jmeter.junit.JMeterTest" time="0.0"/>
  <testcase name="GUIComponents2 org.apache.jmeter.protocol.ldap.config.gui.LdapExtConfigGui" classname="org.apache.jmeter.junit.JMeterTest" time="0.001"/>
  <testcase name="runGUITitle org.apache.jmeter.protocol.ldap.config.gui.LdapExtConfigGui" classname="org.apache.jmeter.junit.JMeterTest" time="0.0"/>
  <testcase name="GUIComponents1 org.apache.jmeter.protocol.ldap.control.gui.LdapExtTestSamplerGui" classname="org.apache.jmeter.junit.JMeterTest" time="0.0"/>
  <testcase name="GUIComponents2 org.apache.jmeter.protocol.ldap.control.gui.LdapExtTestSamplerGui" classname="org.apache.jmeter.junit.JMeterTest" time="0.001"/>
  <testcase name="runGUITitle org.apache.jmeter.protocol.ldap.control.gui.LdapExtTestSamplerGui" classname="org.apache.jmeter.junit.JMeterTest" time="0.001"/>
  <testcase name="GUIComponents1 org.apache.jmeter.protocol.ldap.control.gui.LdapTestSamplerGui" classname="org.apache.jmeter.junit.JMeterTest" time="0.0"/>
  <testcase name="GUIComponents2 org.apache.jmeter.protocol.ldap.control.gui.LdapTestSamplerGui" classname="org.apache.jmeter.junit.JMeterTest" time="0.001"/>
  <testcase name="runGUITitle org.apache.jmeter.protocol.ldap.control.gui.LdapTestSamplerGui" classname="org.apache.jmeter.junit.JMeterTest" time="0.0"/>
  <testcase name="GUIComponents1 org.apache.jmeter.protocol.mail.sampler.gui.MailReaderSamplerGui" classname="org.apache.jmeter.junit.JMeterTest" time="0.0"/>
  <testcase name="GUIComponents2 org.apache.jmeter.protocol.mail.sampler.gui.MailReaderSamplerGui" classname="org.apache.jmeter.junit.JMeterTest" time="0.002"/>
  <testcase name="runGUITitle org.apache.jmeter.protocol.mail.sampler.gui.MailReaderSamplerGui" classname="org.apache.jmeter.junit.JMeterTest" time="0.0"/>
  <testcase name="GUIComponents1 org.apache.jmeter.protocol.smtp.sampler.gui.SmtpSamplerGui" classname="org.apache.jmeter.junit.JMeterTest" time="0.0"/>
  <testcase name="GUIComponents2 org.apache.jmeter.protocol.smtp.sampler.gui.SmtpSamplerGui" classname="org.apache.jmeter.junit.JMeterTest" time="0.001"/>
  <testcase name="runGUITitle org.apache.jmeter.protocol.smtp.sampler.gui.SmtpSamplerGui" classname="org.apache.jmeter.junit.JMeterTest" time="0.0"/>
  <testcase name="GUIComponents1 org.apache.jmeter.protocol.system.gui.SystemSamplerGui" classname="org.apache.jmeter.junit.JMeterTest" time="0.001"/>
  <testcase name="GUIComponents2 org.apache.jmeter.protocol.system.gui.SystemSamplerGui" classname="org.apache.jmeter.junit.JMeterTest" time="0.001"/>
  <testcase name="runGUITitle org.apache.jmeter.protocol.system.gui.SystemSamplerGui" classname="org.apache.jmeter.junit.JMeterTest" time="0.0"/>
  <testcase name="GUIComponents1 org.apache.jmeter.protocol.tcp.config.gui.TCPConfigGui" classname="org.apache.jmeter.junit.JMeterTest" time="0.0"/>
  <testcase name="GUIComponents2 org.apache.jmeter.protocol.tcp.config.gui.TCPConfigGui" classname="org.apache.jmeter.junit.JMeterTest" time="0.001"/>
  <testcase name="runGUITitle org.apache.jmeter.protocol.tcp.config.gui.TCPConfigGui" classname="org.apache.jmeter.junit.JMeterTest" time="0.0"/>
  <testcase name="GUIComponents1 org.apache.jmeter.protocol.tcp.control.gui.TCPSamplerGui" classname="org.apache.jmeter.junit.JMeterTest" time="0.0"/>
  <testcase name="GUIComponents2 org.apache.jmeter.protocol.tcp.control.gui.TCPSamplerGui" classname="org.apache.jmeter.junit.JMeterTest" time="0.001"/>
  <testcase name="runGUITitle org.apache.jmeter.protocol.tcp.control.gui.TCPSamplerGui" classname="org.apache.jmeter.junit.JMeterTest" time="0.0"/>
  <testcase name="GUIComponents1 org.apache.jmeter.reporters.gui.ResultActionGui" classname="org.apache.jmeter.junit.JMeterTest" time="0.0"/>
  <testcase name="GUIComponents2 org.apache.jmeter.reporters.gui.ResultActionGui" classname="org.apache.jmeter.junit.JMeterTest" time="0.001"/>
  <testcase name="runGUITitle org.apache.jmeter.reporters.gui.ResultActionGui" classname="org.apache.jmeter.junit.JMeterTest" time="0.0"/>
  <testcase name="GUIComponents1 org.apache.jmeter.reporters.gui.ResultSaverGui" classname="org.apache.jmeter.junit.JMeterTest" time="0.0"/>
  <testcase name="GUIComponents2 org.apache.jmeter.reporters.gui.ResultSaverGui" classname="org.apache.jmeter.junit.JMeterTest" time="0.001"/>
  <testcase name="runGUITitle org.apache.jmeter.reporters.gui.ResultSaverGui" classname="org.apache.jmeter.junit.JMeterTest" time="0.0"/>
  <testcase name="GUIComponents1 org.apache.jmeter.reporters.gui.SummariserGui" classname="org.apache.jmeter.junit.JMeterTest" time="0.001"/>
  <testcase name="GUIComponents2 org.apache.jmeter.reporters.gui.SummariserGui" classname="org.apache.jmeter.junit.JMeterTest" time="0.0"/>
  <testcase name="runGUITitle org.apache.jmeter.reporters.gui.SummariserGui" classname="org.apache.jmeter.junit.JMeterTest" time="0.0"/>
  <testcase name="GUIComponents1 org.apache.jmeter.sampler.gui.TestActionGui" classname="org.apache.jmeter.junit.JMeterTest" time="0.0"/>
  <testcase name="GUIComponents2 org.apache.jmeter.sampler.gui.TestActionGui" classname="org.apache.jmeter.junit.JMeterTest" time="0.001"/>
  <testcase name="runGUITitle org.apache.jmeter.sampler.gui.TestActionGui" classname="org.apache.jmeter.junit.JMeterTest" time="0.0"/>
  <testcase name="GUIComponents1 TestBeanGUI:" classname="org.apache.jmeter.junit.JMeterTest" time="0.0"/>
  <testcase name="GUIComponents1 org.apache.jmeter.threads.gui.PostThreadGroupGui" classname="org.apache.jmeter.junit.JMeterTest" time="0.0"/>
  <testcase name="GUIComponents2 org.apache.jmeter.threads.gui.PostThreadGroupGui" classname="org.apache.jmeter.junit.JMeterTest" time="0.001"/>
  <testcase name="runGUITitle org.apache.jmeter.threads.gui.PostThreadGroupGui" classname="org.apache.jmeter.junit.JMeterTest" time="0.001"/>
  <testcase name="GUIComponents1 org.apache.jmeter.threads.gui.SetupThreadGroupGui" classname="org.apache.jmeter.junit.JMeterTest" time="0.0"/>
  <testcase name="GUIComponents2 org.apache.jmeter.threads.gui.SetupThreadGroupGui" classname="org.apache.jmeter.junit.JMeterTest" time="0.001"/>
  <testcase name="runGUITitle org.apache.jmeter.threads.gui.SetupThreadGroupGui" classname="org.apache.jmeter.junit.JMeterTest" time="0.0"/>
  <testcase name="GUIComponents1 org.apache.jmeter.threads.gui.ThreadGroupGui" classname="org.apache.jmeter.junit.JMeterTest" time="0.0"/>
  <testcase name="GUIComponents2 org.apache.jmeter.threads.gui.ThreadGroupGui" classname="org.apache.jmeter.junit.JMeterTest" time="0.001"/>
  <testcase name="runGUITitle org.apache.jmeter.threads.gui.ThreadGroupGui" classname="org.apache.jmeter.junit.JMeterTest" time="0.0"/>
  <testcase name="GUIComponents1 org.apache.jmeter.timers.gui.ConstantTimerGui" classname="org.apache.jmeter.junit.JMeterTest" time="0.0"/>
  <testcase name="GUIComponents2 org.apache.jmeter.timers.gui.ConstantTimerGui" classname="org.apache.jmeter.junit.JMeterTest" time="0.0"/>
  <testcase name="runGUITitle org.apache.jmeter.timers.gui.ConstantTimerGui" classname="org.apache.jmeter.junit.JMeterTest" time="0.0"/>
  <testcase name="GUIComponents1 org.apache.jmeter.timers.gui.GaussianRandomTimerGui" classname="org.apache.jmeter.junit.JMeterTest" time="0.0"/>
  <testcase name="GUIComponents2 org.apache.jmeter.timers.gui.GaussianRandomTimerGui" classname="org.apache.jmeter.junit.JMeterTest" time="0.0"/>
  <testcase name="runGUITitle org.apache.jmeter.timers.gui.GaussianRandomTimerGui" classname="org.apache.jmeter.junit.JMeterTest" time="0.0"/>
  <testcase name="GUIComponents1 org.apache.jmeter.timers.gui.PoissonRandomTimerGui" classname="org.apache.jmeter.junit.JMeterTest" time="0.0"/>
  <testcase name="GUIComponents2 org.apache.jmeter.timers.gui.PoissonRandomTimerGui" classname="org.apache.jmeter.junit.JMeterTest" time="0.001"/>
  <testcase name="runGUITitle org.apache.jmeter.timers.gui.PoissonRandomTimerGui" classname="org.apache.jmeter.junit.JMeterTest" time="0.0"/>
  <testcase name="GUIComponents1 org.apache.jmeter.timers.gui.UniformRandomTimerGui" classname="org.apache.jmeter.junit.JMeterTest" time="0.0"/>
  <testcase name="GUIComponents2 org.apache.jmeter.timers.gui.UniformRandomTimerGui" classname="org.apache.jmeter.junit.JMeterTest" time="0.001"/>
  <testcase name="runGUITitle org.apache.jmeter.timers.gui.UniformRandomTimerGui" classname="org.apache.jmeter.junit.JMeterTest" time="0.0"/>
  <testcase name="GUIComponents1 org.apache.jmeter.visualizers.AssertionVisualizer" classname="org.apache.jmeter.junit.JMeterTest" time="0.0"/>
  <testcase name="GUIComponents2 org.apache.jmeter.visualizers.AssertionVisualizer" classname="org.apache.jmeter.junit.JMeterTest" time="0.001"/>
  <testcase name="runGUITitle org.apache.jmeter.visualizers.AssertionVisualizer" classname="org.apache.jmeter.junit.JMeterTest" time="0.001"/>
  <testcase name="GUIComponents1 org.apache.jmeter.visualizers.ComparisonVisualizer" classname="org.apache.jmeter.junit.JMeterTest" time="0.0"/>
  <testcase name="GUIComponents2 org.apache.jmeter.visualizers.ComparisonVisualizer" classname="org.apache.jmeter.junit.JMeterTest" time="0.001"/>
  <testcase name="runGUITitle org.apache.jmeter.visualizers.ComparisonVisualizer" classname="org.apache.jmeter.junit.JMeterTest" time="0.0"/>
  <testcase name="GUIComponents1 org.apache.jmeter.visualizers.GraphVisualizer" classname="org.apache.jmeter.junit.JMeterTest" time="0.0"/>
  <testcase name="GUIComponents2 org.apache.jmeter.visualizers.GraphVisualizer" classname="org.apache.jmeter.junit.JMeterTest" time="0.001"/>
  <testcase name="runGUITitle org.apache.jmeter.visualizers.GraphVisualizer" classname="org.apache.jmeter.junit.JMeterTest" time="0.0"/>
  <testcase name="GUIComponents1 org.apache.jmeter.visualizers.MailerVisualizer" classname="org.apache.jmeter.junit.JMeterTest" time="0.0"/>
  <testcase name="GUIComponents2 org.apache.jmeter.visualizers.MailerVisualizer" classname="org.apache.jmeter.junit.JMeterTest" time="0.003"/>
  <testcase name="runGUITitle org.apache.jmeter.visualizers.MailerVisualizer" classname="org.apache.jmeter.junit.JMeterTest" time="0.001"/>
  <testcase name="GUIComponents1 org.apache.jmeter.visualizers.PropertyControlGui" classname="org.apache.jmeter.junit.JMeterTest" time="0.0"/>
  <testcase name="GUIComponents2 org.apache.jmeter.visualizers.PropertyControlGui" classname="org.apache.jmeter.junit.JMeterTest" time="0.002"/>
  <testcase name="runGUITitle org.apache.jmeter.visualizers.PropertyControlGui" classname="org.apache.jmeter.junit.JMeterTest" time="0.0"/>
  <testcase name="GUIComponents1 org.apache.jmeter.visualizers.RespTimeGraphVisualizer" classname="org.apache.jmeter.junit.JMeterTest" time="0.001"/>
  <testcase name="GUIComponents2 org.apache.jmeter.visualizers.RespTimeGraphVisualizer" classname="org.apache.jmeter.junit.JMeterTest" time="0.002"/>
  <testcase name="runGUITitle org.apache.jmeter.visualizers.RespTimeGraphVisualizer" classname="org.apache.jmeter.junit.JMeterTest" time="0.0"/>
  <testcase name="GUIComponents1 org.apache.jmeter.visualizers.SimpleDataWriter" classname="org.apache.jmeter.junit.JMeterTest" time="0.0"/>
  <testcase name="GUIComponents2 org.apache.jmeter.visualizers.SimpleDataWriter" classname="org.apache.jmeter.junit.JMeterTest" time="0.001"/>
  <testcase name="runGUITitle org.apache.jmeter.visualizers.SimpleDataWriter" classname="org.apache.jmeter.junit.JMeterTest" time="0.0"/>
  <testcase name="GUIComponents1 org.apache.jmeter.visualizers.StatGraphVisualizer" classname="org.apache.jmeter.junit.JMeterTest" time="0.0"/>
  <testcase name="GUIComponents2 org.apache.jmeter.visualizers.StatGraphVisualizer" classname="org.apache.jmeter.junit.JMeterTest" time="0.001"/>
  <testcase name="runGUITitle org.apache.jmeter.visualizers.StatGraphVisualizer" classname="org.apache.jmeter.junit.JMeterTest" time="0.0"/>
  <testcase name="GUIComponents1 org.apache.jmeter.visualizers.StatVisualizer" classname="org.apache.jmeter.junit.JMeterTest" time="0.0"/>
  <testcase name="GUIComponents2 org.apache.jmeter.visualizers.StatVisualizer" classname="org.apache.jmeter.junit.JMeterTest" time="0.001"/>
  <testcase name="runGUITitle org.apache.jmeter.visualizers.StatVisualizer" classname="org.apache.jmeter.junit.JMeterTest" time="0.0"/>
  <testcase name="GUIComponents1 org.apache.jmeter.visualizers.SummaryReport" classname="org.apache.jmeter.junit.JMeterTest" time="0.0"/>
  <testcase name="GUIComponents2 org.apache.jmeter.visualizers.SummaryReport" classname="org.apache.jmeter.junit.JMeterTest" time="0.001"/>
  <testcase name="runGUITitle org.apache.jmeter.visualizers.SummaryReport" classname="org.apache.jmeter.junit.JMeterTest" time="0.0"/>
  <testcase name="GUIComponents1 org.apache.jmeter.visualizers.TableVisualizer" classname="org.apache.jmeter.junit.JMeterTest" time="0.0"/>
  <testcase name="GUIComponents2 org.apache.jmeter.visualizers.TableVisualizer" classname="org.apache.jmeter.junit.JMeterTest" time="0.001"/>
  <testcase name="runGUITitle org.apache.jmeter.visualizers.TableVisualizer" classname="org.apache.jmeter.junit.JMeterTest" time="0.001"/>
  <testcase name="GUIComponents1 org.apache.jmeter.visualizers.ViewResultsFullVisualizer" classname="org.apache.jmeter.junit.JMeterTest" time="0.0"/>
  <testcase name="GUIComponents2 org.apache.jmeter.visualizers.ViewResultsFullVisualizer" classname="org.apache.jmeter.junit.JMeterTest" time="0.003"/>
  <testcase name="runGUITitle org.apache.jmeter.visualizers.ViewResultsFullVisualizer" classname="org.apache.jmeter.junit.JMeterTest" time="0.0"/>
  <testcase name="GUIComponents1 org.apache.jmeter.visualizers.backend.BackendListenerGui" classname="org.apache.jmeter.junit.JMeterTest" time="0.0"/>
  <testcase name="GUIComponents2 org.apache.jmeter.visualizers.backend.BackendListenerGui" classname="org.apache.jmeter.junit.JMeterTest" time="0.003"/>
  <testcase name="runGUITitle org.apache.jmeter.visualizers.backend.BackendListenerGui" classname="org.apache.jmeter.junit.JMeterTest" time="0.0"/>
  <testcase name="runSerialTest org.apache.jmeter.SplashScreen" classname="org.apache.jmeter.junit.JMeterTest" time="0.0"/>
  <testcase name="runSerialTest org.apache.jmeter.assertions.AssertionResult" classname="org.apache.jmeter.junit.JMeterTest" time="0.003"/>
  <testcase name="runSerialTest org.apache.jmeter.assertions.BSFAssertion" classname="org.apache.jmeter.junit.JMeterTest" time="0.008"/>
  <testcase name="runSerialTest org.apache.jmeter.assertions.BeanShellAssertion" classname="org.apache.jmeter.junit.JMeterTest" time="0.005"/>
  <testcase name="runSerialTest org.apache.jmeter.assertions.CompareAssertion" classname="org.apache.jmeter.junit.JMeterTest" time="0.001"/>
  <testcase name="runSerialTest org.apache.jmeter.assertions.CompareAssertionResult" classname="org.apache.jmeter.junit.JMeterTest" time="0.002"/>
  <testcase name="runSerialTest org.apache.jmeter.assertions.DurationAssertion" classname="org.apache.jmeter.junit.JMeterTest" time="0.003"/>
  <testcase name="runSerialTest org.apache.jmeter.assertions.HTMLAssertion" classname="org.apache.jmeter.junit.JMeterTest" time="0.001"/>
  <testcase name="runSerialTest org.apache.jmeter.assertions.JSONPathAssertion" classname="org.apache.jmeter.junit.JMeterTest" time="0.001"/>
  <testcase name="runSerialTest org.apache.jmeter.assertions.JSR223Assertion" classname="org.apache.jmeter.junit.JMeterTest" time="0.003"/>
  <testcase name="runSerialTest org.apache.jmeter.assertions.MD5HexAssertion" classname="org.apache.jmeter.junit.JMeterTest" time="0.001"/>
  <testcase name="runSerialTest org.apache.jmeter.assertions.ResponseAssertion" classname="org.apache.jmeter.junit.JMeterTest" time="0.005"/>
  <testcase name="runSerialTest org.apache.jmeter.assertions.SMIMEAssertionTestElement" classname="org.apache.jmeter.junit.JMeterTest" time="0.002"/>
  <testcase name="runSerialTest org.apache.jmeter.assertions.SizeAssertion" classname="org.apache.jmeter.junit.JMeterTest" time="0.002"/>
  <testcase name="runSerialTest org.apache.jmeter.assertions.SubstitutionElement" classname="org.apache.jmeter.junit.JMeterTest" time="0.001"/>
  <testcase name="runSerialTest org.apache.jmeter.assertions.XMLAssertion" classname="org.apache.jmeter.junit.JMeterTest" time="0.001"/>
  <testcase name="runSerialTest org.apache.jmeter.assertions.XMLSchemaAssertion" classname="org.apache.jmeter.junit.JMeterTest" time="0.002"/>
  <testcase name="runSerialTest org.apache.jmeter.assertions.XPath2Assertion" classname="org.apache.jmeter.junit.JMeterTest" time="0.001"/>
  <testcase name="runSerialTest org.apache.jmeter.assertions.XPathAssertion" classname="org.apache.jmeter.junit.JMeterTest" time="0.002"/>
  <testcase name="runSerialTest org.apache.jmeter.assertions.gui.AssertionGui" classname="org.apache.jmeter.junit.JMeterTest" time="0.0"/>
  <testcase name="runSerialTest org.apache.jmeter.assertions.gui.BeanShellAssertionGui" classname="org.apache.jmeter.junit.JMeterTest" time="0.0"/>
  <testcase name="runSerialTest org.apache.jmeter.assertions.gui.DurationAssertionGui" classname="org.apache.jmeter.junit.JMeterTest" time="0.0"/>
  <testcase name="runSerialTest org.apache.jmeter.assertions.gui.HTMLAssertionGui" classname="org.apache.jmeter.junit.JMeterTest" time="0.0"/>
  <testcase name="runSerialTest org.apache.jmeter.assertions.gui.JSONPathAssertionGui" classname="org.apache.jmeter.junit.JMeterTest" time="0.0"/>
  <testcase name="runSerialTest org.apache.jmeter.assertions.gui.MD5HexAssertionGUI" classname="org.apache.jmeter.junit.JMeterTest" time="0.0"/>
  <testcase name="runSerialTest org.apache.jmeter.assertions.gui.SMIMEAssertionGui" classname="org.apache.jmeter.junit.JMeterTest" time="0.0"/>
  <testcase name="runSerialTest org.apache.jmeter.assertions.gui.SizeAssertionGui" classname="org.apache.jmeter.junit.JMeterTest" time="0.0"/>
  <testcase name="runSerialTest org.apache.jmeter.assertions.gui.XMLAssertionGui" classname="org.apache.jmeter.junit.JMeterTest" time="0.0"/>
  <testcase name="runSerialTest org.apache.jmeter.assertions.gui.XMLConfPanel" classname="org.apache.jmeter.junit.JMeterTest" time="0.0"/>
  <testcase name="runSerialTest org.apache.jmeter.assertions.gui.XMLSchemaAssertionGUI" classname="org.apache.jmeter.junit.JMeterTest" time="0.0"/>
  <testcase name="runSerialTest org.apache.jmeter.assertions.gui.XPath2AssertionGui" classname="org.apache.jmeter.junit.JMeterTest" time="0.0"/>
  <testcase name="runSerialTest org.apache.jmeter.assertions.gui.XPath2Panel" classname="org.apache.jmeter.junit.JMeterTest" time="0.0"/>
  <testcase name="runSerialTest org.apache.jmeter.assertions.gui.XPathAssertionGui" classname="org.apache.jmeter.junit.JMeterTest" time="0.0"/>
  <testcase name="runSerialTest org.apache.jmeter.assertions.gui.XPathPanel" classname="org.apache.jmeter.junit.JMeterTest" time="0.0"/>
  <testcase name="runSerialTest org.apache.jmeter.assertions.jmespath.JMESPathAssertion" classname="org.apache.jmeter.junit.JMeterTest" time="0.001"/>
  <testcase name="runSerialTest org.apache.jmeter.assertions.jmespath.gui.JMESPathAssertionGui" classname="org.apache.jmeter.junit.JMeterTest" time="0.0"/>
  <testcase name="runSerialTest org.apache.jmeter.config.Argument" classname="org.apache.jmeter.junit.JMeterTest" time="0.002"/>
  <testcase name="runSerialTest org.apache.jmeter.config.Arguments" classname="org.apache.jmeter.junit.JMeterTest" time="0.002"/>
  <testcase name="runSerialTest org.apache.jmeter.config.CSVDataSet" classname="org.apache.jmeter.junit.JMeterTest" time="0.001"/>
  <testcase name="runSerialTest org.apache.jmeter.config.ConfigTestElement" classname="org.apache.jmeter.junit.JMeterTest" time="0.001"/>
  <testcase name="runSerialTest org.apache.jmeter.config.KeystoreConfig" classname="org.apache.jmeter.junit.JMeterTest" time="0.001"/>
  <testcase name="runSerialTest org.apache.jmeter.config.LoginConfig" classname="org.apache.jmeter.junit.JMeterTest" time="0.001"/>
  <testcase name="runSerialTest org.apache.jmeter.config.RandomVariableConfig" classname="org.apache.jmeter.junit.JMeterTest" time="0.001"/>
  <testcase name="runSerialTest org.apache.jmeter.config.gui.ArgumentsPanel" classname="org.apache.jmeter.junit.JMeterTest" time="0.0"/>
  <testcase name="runSerialTest org.apache.jmeter.config.gui.LoginConfigGui" classname="org.apache.jmeter.junit.JMeterTest" time="0.0"/>
  <testcase name="runSerialTest org.apache.jmeter.config.gui.ObsoleteGui" classname="org.apache.jmeter.junit.JMeterTest" time="0.0"/>
  <testcase name="runSerialTest org.apache.jmeter.config.gui.RowDetailDialog" classname="org.apache.jmeter.junit.JMeterTest" time="0.0"/>
  <testcase name="runSerialTest org.apache.jmeter.config.gui.SimpleConfigGui" classname="org.apache.jmeter.junit.JMeterTest" time="0.0"/>
  <testcase name="runSerialTest org.apache.jmeter.control.CriticalSectionController" classname="org.apache.jmeter.junit.JMeterTest" time="0.002"/>
  <testcase name="runSerialTest org.apache.jmeter.control.ForeachController" classname="org.apache.jmeter.junit.JMeterTest" time="0.001"/>
  <testcase name="runSerialTest org.apache.jmeter.control.GenericController" classname="org.apache.jmeter.junit.JMeterTest" time="0.0"/>
  <testcase name="runSerialTest org.apache.jmeter.control.IfController" classname="org.apache.jmeter.junit.JMeterTest" time="0.002"/>
  <testcase name="runSerialTest org.apache.jmeter.control.IncludeController" classname="org.apache.jmeter.junit.JMeterTest" time="0.001"/>
  <testcase name="runSerialTest org.apache.jmeter.control.InterleaveControl" classname="org.apache.jmeter.junit.JMeterTest" time="0.002"/>
  <testcase name="runSerialTest org.apache.jmeter.control.LoopController" classname="org.apache.jmeter.junit.JMeterTest" time="0.002"/>
  <testcase name="runSerialTest org.apache.jmeter.control.ModuleController" classname="org.apache.jmeter.junit.JMeterTest" time="0.001"/>
  <testcase name="runSerialTest org.apache.jmeter.control.NextIsNullException" classname="org.apache.jmeter.junit.JMeterTest" time="0.009"/>
  <testcase name="runSerialTest org.apache.jmeter.control.OnceOnlyController" classname="org.apache.jmeter.junit.JMeterTest" time="0.001"/>
  <testcase name="runSerialTest org.apache.jmeter.control.RandomController" classname="org.apache.jmeter.junit.JMeterTest" time="0.001"/>
  <testcase name="runSerialTest org.apache.jmeter.control.RandomOrderController" classname="org.apache.jmeter.junit.JMeterTest" time="0.003"/>
  <testcase name="runSerialTest org.apache.jmeter.control.RunTime" classname="org.apache.jmeter.junit.JMeterTest" time="0.001"/>
  <testcase name="runSerialTest org.apache.jmeter.control.SwitchController" classname="org.apache.jmeter.junit.JMeterTest" time="0.001"/>
  <testcase name="runSerialTest org.apache.jmeter.control.TestFragmentController" classname="org.apache.jmeter.junit.JMeterTest" time="0.001"/>
  <testcase name="runSerialTest org.apache.jmeter.control.ThroughputController" classname="org.apache.jmeter.junit.JMeterTest" time="0.003"/>
  <testcase name="runSerialTest org.apache.jmeter.control.TransactionController" classname="org.apache.jmeter.junit.JMeterTest" time="0.001"/>
  <testcase name="runSerialTest org.apache.jmeter.control.TransactionSampler" classname="org.apache.jmeter.junit.JMeterTest" time="0.002"/>
  <testcase name="runSerialTest org.apache.jmeter.control.WhileController" classname="org.apache.jmeter.junit.JMeterTest" time="0.002"/>
  <testcase name="runSerialTest org.apache.jmeter.control.gui.CriticalSectionControllerGui" classname="org.apache.jmeter.junit.JMeterTest" time="0.0"/>
  <testcase name="runSerialTest org.apache.jmeter.control.gui.ForeachControlPanel" classname="org.apache.jmeter.junit.JMeterTest" time="0.0"/>
  <testcase name="runSerialTest org.apache.jmeter.control.gui.IfControllerPanel" classname="org.apache.jmeter.junit.JMeterTest" time="0.0"/>
  <testcase name="runSerialTest org.apache.jmeter.control.gui.IncludeControllerGui" classname="org.apache.jmeter.junit.JMeterTest" time="0.0"/>
  <testcase name="runSerialTest org.apache.jmeter.control.gui.InterleaveControlGui" classname="org.apache.jmeter.junit.JMeterTest" time="0.0"/>
  <testcase name="runSerialTest org.apache.jmeter.control.gui.LogicControllerGui" classname="org.apache.jmeter.junit.JMeterTest" time="0.0"/>
  <testcase name="runSerialTest org.apache.jmeter.control.gui.LoopControlPanel" classname="org.apache.jmeter.junit.JMeterTest" time="0.0"/>
  <testcase name="runSerialTest org.apache.jmeter.control.gui.ModuleControllerGui" classname="org.apache.jmeter.junit.JMeterTest" time="0.0"/>
  <testcase name="runSerialTest org.apache.jmeter.control.gui.OnceOnlyControllerGui" classname="org.apache.jmeter.junit.JMeterTest" time="0.0"/>
  <testcase name="runSerialTest org.apache.jmeter.control.gui.RandomControlGui" classname="org.apache.jmeter.junit.JMeterTest" time="0.0"/>
  <testcase name="runSerialTest org.apache.jmeter.control.gui.RandomOrderControllerGui" classname="org.apache.jmeter.junit.JMeterTest" time="0.0"/>
  <testcase name="runSerialTest org.apache.jmeter.control.gui.RunTimeGui" classname="org.apache.jmeter.junit.JMeterTest" time="0.0"/>
  <testcase name="runSerialTest org.apache.jmeter.control.gui.SwitchControllerGui" classname="org.apache.jmeter.junit.JMeterTest" time="0.0"/>
  <testcase name="runSerialTest org.apache.jmeter.control.gui.TestFragmentControllerGui" classname="org.apache.jmeter.junit.JMeterTest" time="0.0"/>
  <testcase name="runSerialTest org.apache.jmeter.control.gui.TestPlanGui" classname="org.apache.jmeter.junit.JMeterTest" time="0.0"/>
  <testcase name="runSerialTest org.apache.jmeter.control.gui.ThroughputControllerGui" classname="org.apache.jmeter.junit.JMeterTest" time="0.0"/>
  <testcase name="runSerialTest org.apache.jmeter.control.gui.TransactionControllerGui" classname="org.apache.jmeter.junit.JMeterTest" time="0.0"/>
  <testcase name="runSerialTest org.apache.jmeter.control.gui.WhileControllerGui" classname="org.apache.jmeter.junit.JMeterTest" time="0.0"/>
  <testcase name="runSerialTest org.apache.jmeter.control.gui.WorkBenchGui" classname="org.apache.jmeter.junit.JMeterTest" time="0.0"/>
  <testcase name="runSerialTest org.apache.jmeter.engine.JMeterEngineException" classname="org.apache.jmeter.junit.JMeterTest" time="0.005"/>
  <testcase name="runSerialTest org.apache.jmeter.exceptions.IllegalUserActionException" classname="org.apache.jmeter.junit.JMeterTest" time="0.006"/>
  <testcase name="runSerialTest org.apache.jmeter.extractor.BSFPostProcessor" classname="org.apache.jmeter.junit.JMeterTest" time="0.002"/>
  <testcase name="runSerialTest org.apache.jmeter.extractor.BeanShellPostProcessor" classname="org.apache.jmeter.junit.JMeterTest" time="0.004"/>
  <testcase name="runSerialTest org.apache.jmeter.extractor.BoundaryExtractor" classname="org.apache.jmeter.junit.JMeterTest" time="0.002"/>
  <testcase name="runSerialTest org.apache.jmeter.extractor.DebugPostProcessor" classname="org.apache.jmeter.junit.JMeterTest" time="0.001"/>
  <testcase name="runSerialTest org.apache.jmeter.extractor.HtmlExtractor" classname="org.apache.jmeter.junit.JMeterTest" time="0.002"/>
  <testcase name="runSerialTest org.apache.jmeter.extractor.JSR223PostProcessor" classname="org.apache.jmeter.junit.JMeterTest" time="0.002"/>
  <testcase name="runSerialTest org.apache.jmeter.extractor.JSoupExtractor" classname="org.apache.jmeter.junit.JMeterTest" time="0.001"/>
  <testcase name="runSerialTest org.apache.jmeter.extractor.JoddExtractor" classname="org.apache.jmeter.junit.JMeterTest" time="0.0"/>
  <testcase name="runSerialTest org.apache.jmeter.extractor.RegexExtractor" classname="org.apache.jmeter.junit.JMeterTest" time="0.001"/>
  <testcase name="runSerialTest org.apache.jmeter.extractor.XPath2Extractor" classname="org.apache.jmeter.junit.JMeterTest" time="0.001"/>
  <testcase name="runSerialTest org.apache.jmeter.extractor.XPathExtractor" classname="org.apache.jmeter.junit.JMeterTest" time="0.001"/>
  <testcase name="runSerialTest org.apache.jmeter.extractor.gui.BoundaryExtractorGui" classname="org.apache.jmeter.junit.JMeterTest" time="0.0"/>
  <testcase name="runSerialTest org.apache.jmeter.extractor.gui.HtmlExtractorGui" classname="org.apache.jmeter.junit.JMeterTest" time="0.001"/>
  <testcase name="runSerialTest org.apache.jmeter.extractor.gui.RegexExtractorGui" classname="org.apache.jmeter.junit.JMeterTest" time="0.0"/>
  <testcase name="runSerialTest org.apache.jmeter.extractor.gui.XPath2ExtractorGui" classname="org.apache.jmeter.junit.JMeterTest" time="0.0"/>
  <testcase name="runSerialTest org.apache.jmeter.extractor.gui.XPathExtractorGui" classname="org.apache.jmeter.junit.JMeterTest" time="0.0"/>
  <testcase name="runSerialTest org.apache.jmeter.extractor.json.jmespath.JMESPathExtractor" classname="org.apache.jmeter.junit.JMeterTest" time="0.001"/>
  <testcase name="runSerialTest org.apache.jmeter.extractor.json.jmespath.gui.JMESPathExtractorGui" classname="org.apache.jmeter.junit.JMeterTest" time="0.0"/>
  <testcase name="runSerialTest org.apache.jmeter.extractor.json.jsonpath.JSONPostProcessor" classname="org.apache.jmeter.junit.JMeterTest" time="0.001"/>
  <testcase name="runSerialTest org.apache.jmeter.extractor.json.jsonpath.gui.JSONPostProcessorGui" classname="org.apache.jmeter.junit.JMeterTest" time="0.0"/>
  <testcase name="runSerialTest org.apache.jmeter.functions.InvalidVariableException" classname="org.apache.jmeter.junit.JMeterTest" time="0.003"/>
  <testcase name="runSerialTest org.apache.jmeter.functions.gui.FunctionHelper" classname="org.apache.jmeter.junit.JMeterTest" time="0.0"/>
  <testcase name="runSerialTest org.apache.jmeter.gui.CommentPanel" classname="org.apache.jmeter.junit.JMeterTest" time="0.0"/>
  <testcase name="runSerialTest org.apache.jmeter.gui.LoggerPanel" classname="org.apache.jmeter.junit.JMeterTest" time="0.0"/>
  <testcase name="runSerialTest org.apache.jmeter.gui.MainFrame" classname="org.apache.jmeter.junit.JMeterTest" time="0.0"/>
  <testcase name="runSerialTest org.apache.jmeter.gui.NamePanel" classname="org.apache.jmeter.junit.JMeterTest" time="0.0"/>
  <testcase name="runSerialTest org.apache.jmeter.gui.OnErrorPanel" classname="org.apache.jmeter.junit.JMeterTest" time="0.0"/>
  <testcase name="runSerialTest org.apache.jmeter.gui.SavePropertyDialog" classname="org.apache.jmeter.junit.JMeterTest" time="0.0"/>
  <testcase name="runSerialTest org.apache.jmeter.gui.ServerPanel" classname="org.apache.jmeter.junit.JMeterTest" time="0.0"/>
  <testcase name="runSerialTest org.apache.jmeter.gui.SimpleCompoundEdit" classname="org.apache.jmeter.junit.JMeterTest" time="0.006"/>
  <testcase name="runSerialTest org.apache.jmeter.gui.UndoHistory" classname="org.apache.jmeter.junit.JMeterTest" time="0.003"/>
  <testcase name="runSerialTest org.apache.jmeter.gui.UndoHistoryItem" classname="org.apache.jmeter.junit.JMeterTest" time="0.0"/>
  <testcase name="runSerialTest org.apache.jmeter.gui.action.SearchTreeDialog" classname="org.apache.jmeter.junit.JMeterTest" time="0.0"/>
  <testcase name="runSerialTest org.apache.jmeter.gui.action.SelectTemplatesDialog" classname="org.apache.jmeter.junit.JMeterTest" time="0.0"/>
  <testcase name="runSerialTest org.apache.jmeter.gui.logging.LogEventObject" classname="org.apache.jmeter.junit.JMeterTest" time="0.001"/>
  <testcase name="runSerialTest org.apache.jmeter.gui.tree.JMeterCellRenderer" classname="org.apache.jmeter.junit.JMeterTest" time="0.0"/>
  <testcase name="runSerialTest org.apache.jmeter.gui.tree.JMeterTreeModel" classname="org.apache.jmeter.junit.JMeterTest" time="0.007"/>
  <testcase name="runSerialTest org.apache.jmeter.gui.tree.JMeterTreeNode" classname="org.apache.jmeter.junit.JMeterTest" time="0.0"/>
  <testcase name="runSerialTest org.apache.jmeter.gui.tree.JMeterTreeTransferHandler" classname="org.apache.jmeter.junit.JMeterTest" time="0.014"/>
  <testcase name="runSerialTest org.apache.jmeter.gui.util.EscapeDialog" classname="org.apache.jmeter.junit.JMeterTest" time="0.0"/>
  <testcase name="runSerialTest org.apache.jmeter.gui.util.FileListPanel" classname="org.apache.jmeter.junit.JMeterTest" time="0.0"/>
  <testcase name="runSerialTest org.apache.jmeter.gui.util.FilePanel" classname="org.apache.jmeter.junit.JMeterTest" time="0.0"/>
  <testcase name="runSerialTest org.apache.jmeter.gui.util.FilePanelEntry" classname="org.apache.jmeter.junit.JMeterTest" time="0.0"/>
  <testcase name="runSerialTest org.apache.jmeter.gui.util.HeaderAsPropertyRenderer" classname="org.apache.jmeter.junit.JMeterTest" time="0.0"/>
  <testcase name="runSerialTest org.apache.jmeter.gui.util.HorizontalPanel" classname="org.apache.jmeter.junit.JMeterTest" time="0.0"/>
  <testcase name="runSerialTest org.apache.jmeter.gui.util.JDateField" classname="org.apache.jmeter.junit.JMeterTest" time="0.0"/>
  <testcase name="runSerialTest org.apache.jmeter.gui.util.JLabeledRadioI18N" classname="org.apache.jmeter.junit.JMeterTest" time="0.0"/>
  <testcase name="runSerialTest org.apache.jmeter.gui.util.JMeterMenuBar" classname="org.apache.jmeter.junit.JMeterTest" time="0.0"/>
  <testcase name="runSerialTest org.apache.jmeter.gui.util.JMeterToolBar" classname="org.apache.jmeter.junit.JMeterTest" time="0.0"/>
  <testcase name="runSerialTest org.apache.jmeter.gui.util.JSyntaxTextArea" classname="org.apache.jmeter.junit.JMeterTest" time="0.0"/>
  <testcase name="runSerialTest org.apache.jmeter.gui.util.JTextScrollPane" classname="org.apache.jmeter.junit.JMeterTest" time="0.0"/>
  <testcase name="runSerialTest org.apache.jmeter.gui.util.PowerTableModel" classname="org.apache.jmeter.junit.JMeterTest" time="0.005"/>
  <testcase name="runSerialTest org.apache.jmeter.gui.util.TextAreaTableCellEditor" classname="org.apache.jmeter.junit.JMeterTest" time="0.048"/>
  <testcase name="runSerialTest org.apache.jmeter.gui.util.TristateCheckBox" classname="org.apache.jmeter.junit.JMeterTest" time="0.0"/>
  <testcase name="runSerialTest org.apache.jmeter.gui.util.VerticalPanel" classname="org.apache.jmeter.junit.JMeterTest" time="0.0"/>
  <testcase name="runSerialTest org.apache.jmeter.modifiers.BSFPreProcessor" classname="org.apache.jmeter.junit.JMeterTest" time="0.001"/>
  <testcase name="runSerialTest org.apache.jmeter.modifiers.BeanShellPreProcessor" classname="org.apache.jmeter.junit.JMeterTest" time="0.004"/>
  <testcase name="runSerialTest org.apache.jmeter.modifiers.CounterConfig" classname="org.apache.jmeter.junit.JMeterTest" time="0.001"/>
  <testcase name="runSerialTest org.apache.jmeter.modifiers.JSR223PreProcessor" classname="org.apache.jmeter.junit.JMeterTest" time="0.001"/>
  <testcase name="runSerialTest org.apache.jmeter.modifiers.SampleTimeout" classname="org.apache.jmeter.junit.JMeterTest" time="0.001"/>
  <testcase name="runSerialTest org.apache.jmeter.modifiers.UserParameters" classname="org.apache.jmeter.junit.JMeterTest" time="0.001"/>
  <testcase name="runSerialTest org.apache.jmeter.modifiers.gui.CounterConfigGui" classname="org.apache.jmeter.junit.JMeterTest" time="0.0"/>
  <testcase name="runSerialTest org.apache.jmeter.modifiers.gui.SampleTimeoutGui" classname="org.apache.jmeter.junit.JMeterTest" time="0.0"/>
  <testcase name="runSerialTest org.apache.jmeter.modifiers.gui.UserParametersGui" classname="org.apache.jmeter.junit.JMeterTest" time="0.0"/>
  <testcase name="runSerialTest org.apache.jmeter.protocol.bolt.config.BoltConnectionElement" classname="org.apache.jmeter.junit.JMeterTest" time="0.001"/>
  <testcase name="runSerialTest org.apache.jmeter.protocol.bolt.sampler.BoltSampler" classname="org.apache.jmeter.junit.JMeterTest" time="0.002"/>
  <testcase name="runSerialTest org.apache.jmeter.protocol.ftp.config.gui.FtpConfigGui" classname="org.apache.jmeter.junit.JMeterTest" time="0.0"/>
  <testcase name="runSerialTest org.apache.jmeter.protocol.ftp.control.gui.FtpTestSamplerGui" classname="org.apache.jmeter.junit.JMeterTest" time="0.001"/>
  <testcase name="runSerialTest org.apache.jmeter.protocol.ftp.sampler.FTPSampler" classname="org.apache.jmeter.junit.JMeterTest" time="0.001"/>
  <testcase name="runSerialTest org.apache.jmeter.protocol.http.config.GraphQLRequestParams" classname="org.apache.jmeter.junit.JMeterTest" time="0.001"/>
  <testcase name="runSerialTest org.apache.jmeter.protocol.http.config.MultipartUrlConfig" classname="org.apache.jmeter.junit.JMeterTest" time="0.001"/>
  <testcase name="runSerialTest org.apache.jmeter.protocol.http.config.gui.GraphQLUrlConfigGui" classname="org.apache.jmeter.junit.JMeterTest" time="0.0"/>
  <testcase name="runSerialTest org.apache.jmeter.protocol.http.config.gui.HttpDefaultsGui" classname="org.apache.jmeter.junit.JMeterTest" time="0.0"/>
  <testcase name="runSerialTest org.apache.jmeter.protocol.http.config.gui.UrlConfigDefaults" classname="org.apache.jmeter.junit.JMeterTest" time="0.001"/>
  <testcase name="runSerialTest org.apache.jmeter.protocol.http.config.gui.UrlConfigGui" classname="org.apache.jmeter.junit.JMeterTest" time="0.0"/>
  <testcase name="runSerialTest org.apache.jmeter.protocol.http.control.AuthManager" classname="org.apache.jmeter.junit.JMeterTest" time="0.006"/>
  <testcase name="runSerialTest org.apache.jmeter.protocol.http.control.Authorization" classname="org.apache.jmeter.junit.JMeterTest" time="0.001"/>
  <testcase name="runSerialTest org.apache.jmeter.protocol.http.control.CacheManager" classname="org.apache.jmeter.junit.JMeterTest" time="0.002"/>
  <testcase name="runSerialTest org.apache.jmeter.protocol.http.control.Cookie" classname="org.apache.jmeter.junit.JMeterTest" time="0.001"/>
  <testcase name="runSerialTest org.apache.jmeter.protocol.http.control.CookieManager" classname="org.apache.jmeter.junit.JMeterTest" time="0.002"/>
  <testcase name="runSerialTest org.apache.jmeter.protocol.http.control.DNSCacheManager" classname="org.apache.jmeter.junit.JMeterTest" time="0.001"/>
  <testcase name="runSerialTest org.apache.jmeter.protocol.http.control.Header" classname="org.apache.jmeter.junit.JMeterTest" time="0.001"/>
  <testcase name="runSerialTest org.apache.jmeter.protocol.http.control.HeaderManager" classname="org.apache.jmeter.junit.JMeterTest" time="0.0"/>
  <testcase name="runSerialTest org.apache.jmeter.protocol.http.control.HttpMirrorControl" classname="org.apache.jmeter.junit.JMeterTest" time="0.0"/>
  <testcase name="runSerialTest org.apache.jmeter.protocol.http.control.KerberosManager" classname="org.apache.jmeter.junit.JMeterTest" time="0.0"/>
  <testcase name="runSerialTest org.apache.jmeter.protocol.http.control.RecordingController" classname="org.apache.jmeter.junit.JMeterTest" time="0.001"/>
  <testcase name="runSerialTest org.apache.jmeter.protocol.http.control.StaticHost" classname="org.apache.jmeter.junit.JMeterTest" time="0.001"/>
  <testcase name="runSerialTest org.apache.jmeter.protocol.http.control.gui.AjpSamplerGui" classname="org.apache.jmeter.junit.JMeterTest" time="0.0"/>
  <testcase name="runSerialTest org.apache.jmeter.protocol.http.control.gui.GraphQLHTTPSamplerGui" classname="org.apache.jmeter.junit.JMeterTest" time="0.0"/>
  <testcase name="runSerialTest org.apache.jmeter.protocol.http.control.gui.HttpMirrorControlGui" classname="org.apache.jmeter.junit.JMeterTest" time="0.0"/>
  <testcase name="runSerialTest org.apache.jmeter.protocol.http.control.gui.HttpTestSampleGui" classname="org.apache.jmeter.junit.JMeterTest" time="0.0"/>
  <testcase name="runSerialTest org.apache.jmeter.protocol.http.control.gui.RecordController" classname="org.apache.jmeter.junit.JMeterTest" time="0.0"/>
  <testcase name="runSerialTest org.apache.jmeter.protocol.http.gui.AuthPanel" classname="org.apache.jmeter.junit.JMeterTest" time="0.0"/>
  <testcase name="runSerialTest org.apache.jmeter.protocol.http.gui.CacheManagerGui" classname="org.apache.jmeter.junit.JMeterTest" time="0.0"/>
  <testcase name="runSerialTest org.apache.jmeter.protocol.http.gui.CookiePanel" classname="org.apache.jmeter.junit.JMeterTest" time="0.0"/>
  <testcase name="runSerialTest org.apache.jmeter.protocol.http.gui.DNSCachePanel" classname="org.apache.jmeter.junit.JMeterTest" time="0.0"/>
  <testcase name="runSerialTest org.apache.jmeter.protocol.http.gui.HTTPArgumentsPanel" classname="org.apache.jmeter.junit.JMeterTest" time="0.0"/>
  <testcase name="runSerialTest org.apache.jmeter.protocol.http.gui.HTTPFileArgsPanel" classname="org.apache.jmeter.junit.JMeterTest" time="0.0"/>
  <testcase name="runSerialTest org.apache.jmeter.protocol.http.gui.HeaderPanel" classname="org.apache.jmeter.junit.JMeterTest" time="0.0"/>
  <testcase name="runSerialTest org.apache.jmeter.protocol.http.modifier.AnchorModifier" classname="org.apache.jmeter.junit.JMeterTest" time="0.0"/>
  <testcase name="runSerialTest org.apache.jmeter.protocol.http.modifier.RegExUserParameters" classname="org.apache.jmeter.junit.JMeterTest" time="0.001"/>
  <testcase name="runSerialTest org.apache.jmeter.protocol.http.modifier.URLRewritingModifier" classname="org.apache.jmeter.junit.JMeterTest" time="0.001"/>
  <testcase name="runSerialTest org.apache.jmeter.protocol.http.modifier.gui.AnchorModifierGui" classname="org.apache.jmeter.junit.JMeterTest" time="0.0"/>
  <testcase name="runSerialTest org.apache.jmeter.protocol.http.modifier.gui.RegExUserParametersGui" classname="org.apache.jmeter.junit.JMeterTest" time="0.0"/>
  <testcase name="runSerialTest org.apache.jmeter.protocol.http.modifier.gui.URLRewritingModifierGui" classname="org.apache.jmeter.junit.JMeterTest" time="0.0"/>
  <testcase name="runSerialTest org.apache.jmeter.protocol.http.parser.CSSParseExceptionCallback" classname="org.apache.jmeter.junit.JMeterTest" time="0.0"/>
  <testcase name="runSerialTest org.apache.jmeter.protocol.http.parser.HTMLParseException" classname="org.apache.jmeter.junit.JMeterTest" time="0.002"/>
  <testcase name="runSerialTest org.apache.jmeter.protocol.http.parser.LinkExtractorParseException" classname="org.apache.jmeter.junit.JMeterTest" time="0.001"/>
  <testcase name="runSerialTest org.apache.jmeter.protocol.http.proxy.ProxyControl" classname="org.apache.jmeter.junit.JMeterTest" time="0.003"/>
  <testcase name="runSerialTest org.apache.jmeter.protocol.http.proxy.gui.ProxyControlGui" classname="org.apache.jmeter.junit.JMeterTest" time="0.0"/>
  <testcase name="runSerialTest org.apache.jmeter.protocol.http.proxy.gui.RecorderDialog" classname="org.apache.jmeter.junit.JMeterTest" time="0.001"/>
  <testcase name="runSerialTest org.apache.jmeter.protocol.http.sampler.AccessLogSampler" classname="org.apache.jmeter.junit.JMeterTest" time="0.002"/>
  <testcase name="runSerialTest org.apache.jmeter.protocol.http.sampler.AjpSampler" classname="org.apache.jmeter.junit.JMeterTest" time="0.001"/>
  <testcase name="runSerialTest org.apache.jmeter.protocol.http.sampler.HTTPSampleResult" classname="org.apache.jmeter.junit.JMeterTest" time="0.003"/>
  <testcase name="runSerialTest org.apache.jmeter.protocol.http.sampler.HTTPSampler" classname="org.apache.jmeter.junit.JMeterTest" time="0.0"/>
  <testcase name="runSerialTest org.apache.jmeter.protocol.http.sampler.HTTPSamplerProxy" classname="org.apache.jmeter.junit.JMeterTest" time="0.001"/>
  <testcase name="runSerialTest org.apache.jmeter.protocol.http.util.HTTPArgument" classname="org.apache.jmeter.junit.JMeterTest" time="0.001"/>
  <testcase name="runSerialTest org.apache.jmeter.protocol.http.util.HTTPFileArg" classname="org.apache.jmeter.junit.JMeterTest" time="0.001"/>
  <testcase name="runSerialTest org.apache.jmeter.protocol.http.util.HTTPFileArgs" classname="org.apache.jmeter.junit.JMeterTest" time="0.001"/>
  <testcase name="runSerialTest org.apache.jmeter.protocol.http.util.accesslog.LogFilter" classname="org.apache.jmeter.junit.JMeterTest" time="0.001"/>
  <testcase name="runSerialTest org.apache.jmeter.protocol.http.util.accesslog.SessionFilter" classname="org.apache.jmeter.junit.JMeterTest" time="0.002"/>
  <testcase name="runSerialTest org.apache.jmeter.protocol.http.util.accesslog.StandardGenerator" classname="org.apache.jmeter.junit.JMeterTest" time="0.001"/>
  <testcase name="runSerialTest org.apache.jmeter.protocol.java.config.JavaConfig" classname="org.apache.jmeter.junit.JMeterTest" time="0.001"/>
  <testcase name="runSerialTest org.apache.jmeter.protocol.java.config.gui.JavaConfigGui" classname="org.apache.jmeter.junit.JMeterTest" time="0.0"/>
  <testcase name="runSerialTest org.apache.jmeter.protocol.java.control.gui.BeanShellSamplerGui" classname="org.apache.jmeter.junit.JMeterTest" time="0.0"/>
  <testcase name="runSerialTest org.apache.jmeter.protocol.java.control.gui.JUnitTestSamplerGui" classname="org.apache.jmeter.junit.JMeterTest" time="0.0"/>
  <testcase name="runSerialTest org.apache.jmeter.protocol.java.control.gui.JavaTestSamplerGui" classname="org.apache.jmeter.junit.JMeterTest" time="0.0"/>
  <testcase name="runSerialTest org.apache.jmeter.protocol.java.sampler.BSFSampler" classname="org.apache.jmeter.junit.JMeterTest" time="0.001"/>
  <testcase name="runSerialTest org.apache.jmeter.protocol.java.sampler.BeanShellSampler" classname="org.apache.jmeter.junit.JMeterTest" time="0.004"/>
  <testcase name="runSerialTest org.apache.jmeter.protocol.java.sampler.JSR223Sampler" classname="org.apache.jmeter.junit.JMeterTest" time="0.001"/>
  <testcase name="runSerialTest org.apache.jmeter.protocol.java.sampler.JUnitSampler" classname="org.apache.jmeter.junit.JMeterTest" time="0.001"/>
  <testcase name="runSerialTest org.apache.jmeter.protocol.java.sampler.JavaSampler" classname="org.apache.jmeter.junit.JMeterTest" time="0.001"/>
  <testcase name="runSerialTest org.apache.jmeter.protocol.java.test.JavaTest" classname="org.apache.jmeter.junit.JMeterTest" time="0.001"/>
  <testcase name="runSerialTest org.apache.jmeter.protocol.java.test.SleepTest" classname="org.apache.jmeter.junit.JMeterTest" time="0.001"/>
  <testcase name="runSerialTest org.apache.jmeter.protocol.jdbc.config.DataSourceElement" classname="org.apache.jmeter.junit.JMeterTest" time="0.001"/>
  <testcase name="runSerialTest org.apache.jmeter.protocol.jdbc.processor.JDBCPostProcessor" classname="org.apache.jmeter.junit.JMeterTest" time="0.002"/>
  <testcase name="runSerialTest org.apache.jmeter.protocol.jdbc.processor.JDBCPreProcessor" classname="org.apache.jmeter.junit.JMeterTest" time="0.001"/>
  <testcase name="runSerialTest org.apache.jmeter.protocol.jdbc.sampler.JDBCSampler" classname="org.apache.jmeter.junit.JMeterTest" time="0.001"/>
  <testcase name="runSerialTest org.apache.jmeter.protocol.jms.control.gui.JMSPropertiesPanel" classname="org.apache.jmeter.junit.JMeterTest" time="0.001"/>
  <testcase name="runSerialTest org.apache.jmeter.protocol.jms.control.gui.JMSPublisherGui" classname="org.apache.jmeter.junit.JMeterTest" time="0.0"/>
  <testcase name="runSerialTest org.apache.jmeter.protocol.jms.control.gui.JMSSamplerGui" classname="org.apache.jmeter.junit.JMeterTest" time="0.0"/>
  <testcase name="runSerialTest org.apache.jmeter.protocol.jms.control.gui.JMSSubscriberGui" classname="org.apache.jmeter.junit.JMeterTest" time="0.0"/>
[...]
  <testcase name="runSerialTest org.apache.jmeter.testelement.WorkBench" classname="org.apache.jmeter.junit.JMeterTest" time="0.001"/>
  <testcase name="runSerialTest org.apache.jmeter.testelement.property.BooleanProperty" classname="org.apache.jmeter.junit.JMeterTest" time="0.0"/>
  <testcase name="runSerialTest org.apache.jmeter.testelement.property.CollectionProperty" classname="org.apache.jmeter.junit.JMeterTest" time="0.0"/>
  <testcase name="runSerialTest org.apache.jmeter.testelement.property.DoubleProperty" classname="org.apache.jmeter.junit.JMeterTest" time="0.001"/>
  <testcase name="runSerialTest org.apache.jmeter.testelement.property.FloatProperty" classname="org.apache.jmeter.junit.JMeterTest" time="0.0"/>
  <testcase name="runSerialTest org.apache.jmeter.testelement.property.FunctionProperty" classname="org.apache.jmeter.junit.JMeterTest" time="0.0"/>
  <testcase name="runSerialTest org.apache.jmeter.testelement.property.IntegerProperty" classname="org.apache.jmeter.junit.JMeterTest" time="0.0"/>
  <testcase name="runSerialTest org.apache.jmeter.testelement.property.LongProperty" classname="org.apache.jmeter.junit.JMeterTest" time="0.0"/>
  <testcase name="runSerialTest org.apache.jmeter.testelement.property.MapProperty" classname="org.apache.jmeter.junit.JMeterTest" time="0.001"/>
  <testcase name="runSerialTest org.apache.jmeter.testelement.property.NullProperty" classname="org.apache.jmeter.junit.JMeterTest" time="0.001"/>
  <testcase name="runSerialTest org.apache.jmeter.testelement.property.ObjectProperty" classname="org.apache.jmeter.junit.JMeterTest" time="0.0"/>
  <testcase name="runSerialTest org.apache.jmeter.testelement.property.StringProperty" classname="org.apache.jmeter.junit.JMeterTest" time="0.0"/>
  <testcase name="runSerialTest org.apache.jmeter.testelement.property.TestElementProperty" classname="org.apache.jmeter.junit.JMeterTest" time="0.0"/>
  <testcase name="runSerialTest org.apache.jmeter.threads.ListenerNotifier" classname="org.apache.jmeter.junit.JMeterTest" time="0.001"/>
  <testcase name="runSerialTest org.apache.jmeter.threads.PostThreadGroup" classname="org.apache.jmeter.junit.JMeterTest" time="0.003"/>
  <testcase name="runSerialTest org.apache.jmeter.threads.RemoteThreadsListenerWrapper" classname="org.apache.jmeter.junit.JMeterTest" time="0.001"/>
  <testcase name="runSerialTest org.apache.jmeter.threads.SetupThreadGroup" classname="org.apache.jmeter.junit.JMeterTest" time="0.001"/>
  <testcase name="runSerialTest org.apache.jmeter.threads.ThreadGroup" classname="org.apache.jmeter.junit.JMeterTest" time="0.0"/>
  <testcase name="runSerialTest org.apache.jmeter.threads.gui.PostThreadGroupGui" classname="org.apache.jmeter.junit.JMeterTest" time="0.0"/>
  <testcase name="runSerialTest org.apache.jmeter.threads.gui.SetupThreadGroupGui" classname="org.apache.jmeter.junit.JMeterTest" time="0.0"/>
  <testcase name="runSerialTest org.apache.jmeter.threads.gui.ThreadGroupGui" classname="org.apache.jmeter.junit.JMeterTest" time="0.0"/>
  <testcase name="runSerialTest org.apache.jmeter.timers.BSFTimer" classname="org.apache.jmeter.junit.JMeterTest" time="0.001"/>
  <testcase name="runSerialTest org.apache.jmeter.timers.BeanShellTimer" classname="org.apache.jmeter.junit.JMeterTest" time="0.003"/>
  <testcase name="runSerialTest org.apache.jmeter.timers.ConstantThroughputTimer" classname="org.apache.jmeter.junit.JMeterTest" time="0.002"/>
  <testcase name="runSerialTest org.apache.jmeter.timers.ConstantTimer" classname="org.apache.jmeter.junit.JMeterTest" time="0.001"/>
  <testcase name="runSerialTest org.apache.jmeter.timers.GaussianRandomTimer" classname="org.apache.jmeter.junit.JMeterTest" time="0.002"/>
  <testcase name="runSerialTest org.apache.jmeter.timers.JSR223Timer" classname="org.apache.jmeter.junit.JMeterTest" time="0.001"/>
  <testcase name="runSerialTest org.apache.jmeter.timers.PoissonRandomTimer" classname="org.apache.jmeter.junit.JMeterTest" time="0.0"/>
  <testcase name="runSerialTest org.apache.jmeter.timers.SyncTimer" classname="org.apache.jmeter.junit.JMeterTest" time="0.001"/>
  <testcase name="runSerialTest org.apache.jmeter.timers.UniformRandomTimer" classname="org.apache.jmeter.junit.JMeterTest" time="0.001"/>
  <testcase name="runSerialTest org.apache.jmeter.timers.gui.ConstantTimerGui" classname="org.apache.jmeter.junit.JMeterTest" time="0.0"/>
  <testcase name="runSerialTest org.apache.jmeter.timers.gui.GaussianRandomTimerGui" classname="org.apache.jmeter.junit.JMeterTest" time="0.0"/>
  <testcase name="runSerialTest org.apache.jmeter.timers.gui.PoissonRandomTimerGui" classname="org.apache.jmeter.junit.JMeterTest" time="0.0"/>
  <testcase name="runSerialTest org.apache.jmeter.timers.gui.UniformRandomTimerGui" classname="org.apache.jmeter.junit.JMeterTest" time="0.0"/>
  <testcase name="runSerialTest org.apache.jmeter.timers.poissonarrivals.PreciseThroughputTimer" classname="org.apache.jmeter.junit.JMeterTest" time="0.001"/>
  <testcase name="runSerialTest org.apache.jmeter.util.LocaleChangeEvent" classname="org.apache.jmeter.junit.JMeterTest" time="0.001"/>
  <testcase name="runSerialTest org.apache.jmeter.util.ScopePanel" classname="org.apache.jmeter.junit.JMeterTest" time="0.0"/>
  <testcase name="runSerialTest org.apache.jmeter.util.TidyException" classname="org.apache.jmeter.junit.JMeterTest" time="0.002"/>
  <testcase name="runSerialTest org.apache.jmeter.visualizers.AssertionVisualizer" classname="org.apache.jmeter.junit.JMeterTest" time="0.0"/>
  <testcase name="runSerialTest org.apache.jmeter.visualizers.AxisGraph" classname="org.apache.jmeter.junit.JMeterTest" time="0.0"/>
  <testcase name="runSerialTest org.apache.jmeter.visualizers.BSFListener" classname="org.apache.jmeter.junit.JMeterTest" time="0.001"/>
  <testcase name="runSerialTest org.apache.jmeter.visualizers.BeanShellListener" classname="org.apache.jmeter.junit.JMeterTest" time="0.003"/>
  <testcase name="runSerialTest org.apache.jmeter.visualizers.ComparisonVisualizer" classname="org.apache.jmeter.junit.JMeterTest" time="0.0"/>
  <testcase name="runSerialTest org.apache.jmeter.visualizers.Graph" classname="org.apache.jmeter.junit.JMeterTest" time="0.0"/>
  <testcase name="runSerialTest org.apache.jmeter.visualizers.GraphVisualizer" classname="org.apache.jmeter.junit.JMeterTest" time="0.0"/>
  <testcase name="runSerialTest org.apache.jmeter.visualizers.JSR223Listener" classname="org.apache.jmeter.junit.JMeterTest" time="0.001"/>
  <testcase name="runSerialTest org.apache.jmeter.visualizers.LineGraph" classname="org.apache.jmeter.junit.JMeterTest" time="0.0"/>
  <testcase name="runSerialTest org.apache.jmeter.visualizers.MailerVisualizer" classname="org.apache.jmeter.junit.JMeterTest" time="0.0"/>
  <testcase name="runSerialTest org.apache.jmeter.visualizers.PropertyControlGui" classname="org.apache.jmeter.junit.JMeterTest" time="0.0"/>
  <testcase name="runSerialTest org.apache.jmeter.visualizers.RespTimeGraphChart" classname="org.apache.jmeter.junit.JMeterTest" time="0.0"/>
  <testcase name="runSerialTest org.apache.jmeter.visualizers.RespTimeGraphVisualizer" classname="org.apache.jmeter.junit.JMeterTest" time="0.0"/>
  <testcase name="runSerialTest org.apache.jmeter.visualizers.Sample" classname="org.apache.jmeter.junit.JMeterTest" time="0.001"/>
  <testcase name="runSerialTest org.apache.jmeter.visualizers.SearchTreePanel" classname="org.apache.jmeter.junit.JMeterTest" time="0.0"/>
  <testcase name="runSerialTest org.apache.jmeter.visualizers.SearchableTreeNode" classname="org.apache.jmeter.junit.JMeterTest" time="0.001"/>
  <testcase name="runSerialTest org.apache.jmeter.visualizers.SimpleDataWriter" classname="org.apache.jmeter.junit.JMeterTest" time="0.0"/>
  <testcase name="runSerialTest org.apache.jmeter.visualizers.StatGraphVisualizer" classname="org.apache.jmeter.junit.JMeterTest" time="0.0"/>
  <testcase name="runSerialTest org.apache.jmeter.visualizers.StatVisualizer" classname="org.apache.jmeter.junit.JMeterTest" time="0.0"/>
  <testcase name="runSerialTest org.apache.jmeter.visualizers.SummaryReport" classname="org.apache.jmeter.junit.JMeterTest" time="0.0"/>
  <testcase name="runSerialTest org.apache.jmeter.visualizers.TableSample" classname="org.apache.jmeter.junit.JMeterTest" time="0.001"/>
  <testcase name="runSerialTest org.apache.jmeter.visualizers.TableVisualizer" classname="org.apache.jmeter.junit.JMeterTest" time="0.0"/>
  <testcase name="runSerialTest org.apache.jmeter.visualizers.TreeNodeRenderer" classname="org.apache.jmeter.junit.JMeterTest" time="0.0"/>
  <testcase name="runSerialTest org.apache.jmeter.visualizers.ViewResultsFullVisualizer" classname="org.apache.jmeter.junit.JMeterTest" time="0.0"/>
  <testcase name="runSerialTest org.apache.jmeter.visualizers.XMLDefaultMutableTreeNode" classname="org.apache.jmeter.junit.JMeterTest" time="0.001"/>
  <testcase name="runSerialTest org.apache.jmeter.visualizers.backend.BackendListener" classname="org.apache.jmeter.junit.JMeterTest" time="0.002"/>
  <testcase name="runSerialTest org.apache.jmeter.visualizers.backend.BackendListenerGui" classname="org.apache.jmeter.junit.JMeterTest" time="0.0"/>
  <testcase name="GUIComponents2 TestBeanGUI:org.apache.jmeter.assertions.BSFAssertion" classname="org.apache.jmeter.junit.JMeterTest" time="0.044"/>
  <testcase name="runGUITitle TestBeanGUI:org.apache.jmeter.assertions.BSFAssertion" classname="org.apache.jmeter.junit.JMeterTest" time="0.0"/>
  <testcase name="GUIComponents2 TestBeanGUI:org.apache.jmeter.assertions.CompareAssertion" classname="org.apache.jmeter.junit.JMeterTest" time="0.03"/>
  <testcase name="runGUITitle TestBeanGUI:org.apache.jmeter.assertions.CompareAssertion" classname="org.apache.jmeter.junit.JMeterTest" time="0.0"/>
  <testcase name="GUIComponents2 TestBeanGUI:org.apache.jmeter.assertions.JSR223Assertion" classname="org.apache.jmeter.junit.JMeterTest" time="0.024"/>
  <testcase name="runGUITitle TestBeanGUI:org.apache.jmeter.assertions.JSR223Assertion" classname="org.apache.jmeter.junit.JMeterTest" time="0.0"/>
  <testcase name="GUIComponents2 TestBeanGUI:org.apache.jmeter.config.CSVDataSet" classname="org.apache.jmeter.junit.JMeterTest" time="0.021"/>
  <testcase name="runGUITitle TestBeanGUI:org.apache.jmeter.config.CSVDataSet" classname="org.apache.jmeter.junit.JMeterTest" time="0.0"/>
  <testcase name="GUIComponents2 TestBeanGUI:org.apache.jmeter.config.KeystoreConfig" classname="org.apache.jmeter.junit.JMeterTest" time="0.006"/>
  <testcase name="runGUITitle TestBeanGUI:org.apache.jmeter.config.KeystoreConfig" classname="org.apache.jmeter.junit.JMeterTest" time="0.0"/>
  <testcase name="GUIComponents2 TestBeanGUI:org.apache.jmeter.config.RandomVariableConfig" classname="org.apache.jmeter.junit.JMeterTest" time="0.008"/>
  <testcase name="runGUITitle TestBeanGUI:org.apache.jmeter.config.RandomVariableConfig" classname="org.apache.jmeter.junit.JMeterTest" time="0.0"/>
  <testcase name="GUIComponents2 TestBeanGUI:org.apache.jmeter.extractor.BSFPostProcessor" classname="org.apache.jmeter.junit.JMeterTest" time="0.017"/>
  <testcase name="runGUITitle TestBeanGUI:org.apache.jmeter.extractor.BSFPostProcessor" classname="org.apache.jmeter.junit.JMeterTest" time="0.0"/>
  <testcase name="GUIComponents2 TestBeanGUI:org.apache.jmeter.extractor.BeanShellPostProcessor" classname="org.apache.jmeter.junit.JMeterTest" time="0.015"/>
  <testcase name="runGUITitle TestBeanGUI:org.apache.jmeter.extractor.BeanShellPostProcessor" classname="org.apache.jmeter.junit.JMeterTest" time="0.0"/>
  <testcase name="GUIComponents2 TestBeanGUI:org.apache.jmeter.extractor.DebugPostProcessor" classname="org.apache.jmeter.junit.JMeterTest" time="0.011"/>
  <testcase name="runGUITitle TestBeanGUI:org.apache.jmeter.extractor.DebugPostProcessor" classname="org.apache.jmeter.junit.JMeterTest" time="0.0"/>
  <testcase name="GUIComponents2 TestBeanGUI:org.apache.jmeter.extractor.JSR223PostProcessor" classname="org.apache.jmeter.junit.JMeterTest" time="0.01"/>
  <testcase name="runGUITitle TestBeanGUI:org.apache.jmeter.extractor.JSR223PostProcessor" classname="org.apache.jmeter.junit.JMeterTest" time="0.0"/>
  <testcase name="GUIComponents2 TestBeanGUI:org.apache.jmeter.modifiers.BSFPreProcessor" classname="org.apache.jmeter.junit.JMeterTest" time="0.008"/>
  <testcase name="runGUITitle TestBeanGUI:org.apache.jmeter.modifiers.BSFPreProcessor" classname="org.apache.jmeter.junit.JMeterTest" time="0.0"/>
  <testcase name="GUIComponents2 TestBeanGUI:org.apache.jmeter.modifiers.BeanShellPreProcessor" classname="org.apache.jmeter.junit.JMeterTest" time="0.022"/>
  <testcase name="runGUITitle TestBeanGUI:org.apache.jmeter.modifiers.BeanShellPreProcessor" classname="org.apache.jmeter.junit.JMeterTest" time="0.0"/>
  <testcase name="GUIComponents2 TestBeanGUI:org.apache.jmeter.modifiers.JSR223PreProcessor" classname="org.apache.jmeter.junit.JMeterTest" time="0.01"/>
  <testcase name="runGUITitle TestBeanGUI:org.apache.jmeter.modifiers.JSR223PreProcessor" classname="org.apache.jmeter.junit.JMeterTest" time="0.0"/>
  <testcase name="GUIComponents2 TestBeanGUI:org.apache.jmeter.protocol.bolt.config.BoltConnectionElement" classname="org.apache.jmeter.junit.JMeterTest" time="0.006"/>
  <testcase name="runGUITitle TestBeanGUI:org.apache.jmeter.protocol.bolt.config.BoltConnectionElement" classname="org.apache.jmeter.junit.JMeterTest" time="0.001"/>
  <testcase name="GUIComponents2 TestBeanGUI:org.apache.jmeter.protocol.bolt.sampler.BoltSampler" classname="org.apache.jmeter.junit.JMeterTest" time="0.009"/>
  <testcase name="runGUITitle TestBeanGUI:org.apache.jmeter.protocol.bolt.sampler.BoltSampler" classname="org.apache.jmeter.junit.JMeterTest" time="0.0"/>
  <testcase name="GUIComponents2 TestBeanGUI:org.apache.jmeter.protocol.http.sampler.AccessLogSampler" classname="org.apache.jmeter.junit.JMeterTest" time="0.018"/>
  <testcase name="runGUITitle TestBeanGUI:org.apache.jmeter.protocol.http.sampler.AccessLogSampler" classname="org.apache.jmeter.junit.JMeterTest" time="0.0"/>
  <testcase name="GUIComponents2 TestBeanGUI:org.apache.jmeter.protocol.java.sampler.BSFSampler" classname="org.apache.jmeter.junit.JMeterTest" time="0.01"/>
  <testcase name="runGUITitle TestBeanGUI:org.apache.jmeter.protocol.java.sampler.BSFSampler" classname="org.apache.jmeter.junit.JMeterTest" time="0.0"/>
  <testcase name="GUIComponents2 TestBeanGUI:org.apache.jmeter.protocol.java.sampler.JSR223Sampler" classname="org.apache.jmeter.junit.JMeterTest" time="0.008"/>
  <testcase name="runGUITitle TestBeanGUI:org.apache.jmeter.protocol.java.sampler.JSR223Sampler" classname="org.apache.jmeter.junit.JMeterTest" time="0.0"/>
  <testcase name="GUIComponents2 TestBeanGUI:org.apache.jmeter.protocol.jdbc.config.DataSourceElement" classname="org.apache.jmeter.junit.JMeterTest" time="0.035"/>
  <testcase name="runGUITitle TestBeanGUI:org.apache.jmeter.protocol.jdbc.config.DataSourceElement" classname="org.apache.jmeter.junit.JMeterTest" time="0.001"/>
  <testcase name="GUIComponents2 TestBeanGUI:org.apache.jmeter.protocol.jdbc.processor.JDBCPostProcessor" classname="org.apache.jmeter.junit.JMeterTest" time="0.014"/>
  <testcase name="runGUITitle TestBeanGUI:org.apache.jmeter.protocol.jdbc.processor.JDBCPostProcessor" classname="org.apache.jmeter.junit.JMeterTest" time="0.0"/>
  <testcase name="GUIComponents2 TestBeanGUI:org.apache.jmeter.protocol.jdbc.processor.JDBCPreProcessor" classname="org.apache.jmeter.junit.JMeterTest" time="0.011"/>
  <testcase name="runGUITitle TestBeanGUI:org.apache.jmeter.protocol.jdbc.processor.JDBCPreProcessor" classname="org.apache.jmeter.junit.JMeterTest" time="0.0"/>
  <testcase name="GUIComponents2 TestBeanGUI:org.apache.jmeter.protocol.jdbc.sampler.JDBCSampler" classname="org.apache.jmeter.junit.JMeterTest" time="0.012"/>
  <testcase name="runGUITitle TestBeanGUI:org.apache.jmeter.protocol.jdbc.sampler.JDBCSampler" classname="org.apache.jmeter.junit.JMeterTest" time="0.001"/>
  <testcase name="GUIComponents2 TestBeanGUI:org.apache.jmeter.protocol.mongodb.config.MongoSourceElement" classname="org.apache.jmeter.junit.JMeterTest" time="0.02"/>
  <testcase name="runGUITitle TestBeanGUI:org.apache.jmeter.protocol.mongodb.config.MongoSourceElement" classname="org.apache.jmeter.junit.JMeterTest" time="0.0"/>
  <testcase name="GUIComponents2 TestBeanGUI:org.apache.jmeter.protocol.mongodb.sampler.MongoScriptSampler" classname="org.apache.jmeter.junit.JMeterTest" time="0.009"/>
  <testcase name="runGUITitle TestBeanGUI:org.apache.jmeter.protocol.mongodb.sampler.MongoScriptSampler" classname="org.apache.jmeter.junit.JMeterTest" time="0.0"/>
  <testcase name="GUIComponents2 TestBeanGUI:org.apache.jmeter.sampler.DebugSampler" classname="org.apache.jmeter.junit.JMeterTest" time="0.008"/>
  <testcase name="runGUITitle TestBeanGUI:org.apache.jmeter.sampler.DebugSampler" classname="org.apache.jmeter.junit.JMeterTest" time="0.0"/>
  <testcase name="GUIComponents2 TestBeanGUI:org.apache.jmeter.timers.BSFTimer" classname="org.apache.jmeter.junit.JMeterTest" time="0.008"/>
  <testcase name="runGUITitle TestBeanGUI:org.apache.jmeter.timers.BSFTimer" classname="org.apache.jmeter.junit.JMeterTest" time="0.0"/>
  <testcase name="GUIComponents2 TestBeanGUI:org.apache.jmeter.timers.BeanShellTimer" classname="org.apache.jmeter.junit.JMeterTest" time="0.014"/>
  <testcase name="runGUITitle TestBeanGUI:org.apache.jmeter.timers.BeanShellTimer" classname="org.apache.jmeter.junit.JMeterTest" time="0.0"/>
  <testcase name="GUIComponents2 TestBeanGUI:org.apache.jmeter.timers.ConstantThroughputTimer" classname="org.apache.jmeter.junit.JMeterTest" time="0.004"/>
  <testcase name="runGUITitle TestBeanGUI:org.apache.jmeter.timers.ConstantThroughputTimer" classname="org.apache.jmeter.junit.JMeterTest" time="0.0"/>
  <testcase name="GUIComponents2 TestBeanGUI:org.apache.jmeter.timers.JSR223Timer" classname="org.apache.jmeter.junit.JMeterTest" time="0.009"/>
  <testcase name="runGUITitle TestBeanGUI:org.apache.jmeter.timers.JSR223Timer" classname="org.apache.jmeter.junit.JMeterTest" time="0.0"/>
  <testcase name="GUIComponents2 TestBeanGUI:org.apache.jmeter.timers.SyncTimer" classname="org.apache.jmeter.junit.JMeterTest" time="0.003"/>
  <testcase name="runGUITitle TestBeanGUI:org.apache.jmeter.timers.SyncTimer" classname="org.apache.jmeter.junit.JMeterTest" time="0.0"/>
  <testcase name="GUIComponents2 TestBeanGUI:org.apache.jmeter.timers.poissonarrivals.PreciseThroughputTimer" classname="org.apache.jmeter.junit.JMeterTest" time="0.003"/>
  <testcase name="runGUITitle TestBeanGUI:org.apache.jmeter.timers.poissonarrivals.PreciseThroughputTimer" classname="org.apache.jmeter.junit.JMeterTest" time="0.001"/>
  <testcase name="GUIComponents2 TestBeanGUI:org.apache.jmeter.visualizers.BSFListener" classname="org.apache.jmeter.junit.JMeterTest" time="0.007"/>
  <testcase name="runGUITitle TestBeanGUI:org.apache.jmeter.visualizers.BSFListener" classname="org.apache.jmeter.junit.JMeterTest" time="0.0"/>
  <testcase name="GUIComponents2 TestBeanGUI:org.apache.jmeter.visualizers.BeanShellListener" classname="org.apache.jmeter.junit.JMeterTest" time="0.015"/>
  <testcase name="runGUITitle TestBeanGUI:org.apache.jmeter.visualizers.BeanShellListener" classname="org.apache.jmeter.junit.JMeterTest" time="0.0"/>
  <testcase name="GUIComponents2 TestBeanGUI:org.apache.jmeter.visualizers.JSR223Listener" classname="org.apache.jmeter.junit.JMeterTest" time="0.009"/>
  <testcase name="runGUITitle TestBeanGUI:org.apache.jmeter.visualizers.JSR223Listener" classname="org.apache.jmeter.junit.JMeterTest" time="0.0"/>
  <testcase name="checkGuiSet" classname="org.apache.jmeter.junit.JMeterTest" time="0.0"/>
  <testcase name="resetLocale" classname="org.apache.jmeter.junit.JMeterTest" time="0.001"/>
  <system-out><![CDATA[]]></system-out>
  <system-err><![CDATA[]]></system-err>
</testsuite>
